[2026-06-20T06:51:36.383Z] GET http://localhost:8236/run.html?course=earth2 → 200 (4ms, 9239B)
[2026-06-20T06:51:36.395Z] GET http://localhost:8236/assets/fonts/DepartureMono-Regular.woff2 → 200 (13ms, 22496B)
[2026-06-20T06:51:36.395Z] GET http://localhost:8236/src/shared.js → 200 (8ms, 10157B)
[2026-06-20T06:51:36.400Z] GET http://localhost:8236/src/worlds/run.js → 200 (7ms, 7990B)
[2026-06-20T06:51:36.400Z] GET http://localhost:8236/src/level-design.js → 200 (7ms, 55884B)
[2026-06-20T06:51:36.400Z] GET http://localhost:8236/src/moon-terrain.js → 200 (37ms, 7939B)
[2026-06-20T06:51:36.400Z] GET http://localhost:8236/src/weird-terrain.js → 200 (6ms, 19400B)
[2026-06-20T06:51:36.400Z] GET http://localhost:8236/src/modes/desert-golfing.js → 200 (9ms, 38773B)
[2026-06-20T06:51:36.400Z] GET http://localhost:8236/src/art.js → 200 (10ms, 9472B)
[2026-06-20T06:51:36.400Z] GET http://localhost:8236/src/gameplay.js → 200 (10ms, 11767B)
[2026-06-20T06:51:36.400Z] GET http://localhost:8236/src/roguelike/save.js → 200 (10ms, 8310B)
[2026-06-20T06:51:36.400Z] GET http://localhost:8236/src/roguelike/modifiers.js → 200 (10ms, 3846B)
[2026-06-20T06:51:36.400Z] GET http://localhost:8236/src/roguelike/run.js → 200 (19ms, 145016B)
[2026-06-20T06:51:36.400Z] GET http://localhost:8236/src/roguelike/secrets.js → 200 (19ms, 15517B)
[2026-06-20T06:51:36.400Z] GET http://localhost:8236/src/roguelike/economy.js → 200 (19ms, 27713B)
[2026-06-20T06:51:36.400Z] GET http://localhost:8236/src/roguelike/ship.js → 200 (18ms, 9111B)
[2026-06-20T06:51:36.401Z] GET http://localhost:8236/src/roguelike/shop.js → 200 (18ms, 5435B)
[2026-06-20T06:51:36.401Z] GET http://localhost:8236/src/roguelike/wrap.js → 200 (19ms, 39053B)
[2026-06-20T06:51:36.401Z] GET http://localhost:8236/src/roguelike/audio.js → 200 (18ms, 13548B)
[2026-06-20T06:51:36.401Z] GET http://localhost:8236/src/roguelike/fx.js → 200 (18ms, 12243B)
[2026-06-20T06:51:36.401Z] GET http://localhost:8236/src/roguelike/juice.js → 200 (19ms, 15097B)
[2026-06-20T06:51:36.401Z] GET http://localhost:8236/src/roguelike/ambient.js → 200 (19ms, 22294B)
[2026-06-20T06:51:36.401Z] GET http://localhost:8236/src/roguelike/onboard.js → 200 (22ms, 22150B)
[2026-06-20T06:51:36.401Z] GET http://localhost:8236/src/roguelike/travel.js → 200 (21ms, 16267B)
[2026-06-20T06:51:36.401Z] GET http://localhost:8236/src/roguelike/event.js → 200 (21ms, 21531B)
[2026-06-20T06:51:36.401Z] GET http://localhost:8236/src/roguelike/terrain.js → 200 (22ms, 9525B)
[2026-06-20T06:51:36.401Z] GET http://localhost:8236/src/roguelike/lab.js → 200 (27ms, 13017B)
[2026-06-20T06:51:36.401Z] GET http://localhost:8236/src/roguelike/feel.js → 200 (36ms, 7035B)
[2026-06-20T06:51:36.401Z] GET http://localhost:8236/src/roguelike/playtest-bot.js → 200 (36ms, 11343B)
[2026-06-20T06:51:36.401Z] GET http://localhost:8236/src/roguelike/perf-hud.js → 200 (36ms, 4589B)
[2026-06-20T06:51:36.401Z] GET http://localhost:8236/src/roguelike/seqtest.js → 200 (36ms, 3979B)
[2026-06-20T06:51:36.401Z] GET http://localhost:8236/src/roguelike/testjump.js → 200 (36ms, 10254B)
[2026-06-20T06:51:36.401Z] GET http://localhost:8236/src/roguelike/galaxy.js → 200 (36ms, 14134B)
[2026-06-20T06:51:36.401Z] GET http://localhost:8236/src/roguelike/atlas-homesystem.js → 200 (36ms, 6841B)
[2026-06-20T06:51:36.401Z] GET http://localhost:8236/src/roguelike/atlas-fields.js → 200 (36ms, 6953B)
[2026-06-20T06:51:36.401Z] GET http://localhost:8236/src/roguelike/atlas-fields2.js → 200 (37ms, 10279B)
[2026-06-20T06:51:36.401Z] GET http://localhost:8236/src/roguelike/atlas-creatures.js → 200 (36ms, 8512B)
[2026-06-20T06:51:36.401Z] GET http://localhost:8236/src/roguelike/atlas-relics.js → 200 (37ms, 4544B)
[2026-06-20T06:51:36.401Z] GET http://localhost:8236/src/roguelike/atlas-portals.js → 200 (39ms, 4271B)
[2026-06-20T06:51:36.401Z] GET http://localhost:8236/src/roguelike/atlas-onlyup.js → 200 (39ms, 3438B)
[2026-06-20T06:51:36.401Z] GET http://localhost:8236/src/roguelike/atlas-climb.js → 200 (39ms, 7240B)
[2026-06-20T06:51:36.401Z] GET http://localhost:8236/src/roguelike/atlas-blocks.js → 200 (39ms, 12012B)
[2026-06-20T06:51:36.401Z] GET http://localhost:8236/src/roguelike/atlas-objects.js → 200 (38ms, 6272B)
[2026-06-20T06:51:36.401Z] GET http://localhost:8236/src/roguelike/atlas-setpieces.js → 200 (39ms, 7016B)
[2026-06-20T06:51:36.401Z] GET http://localhost:8236/src/main.js → 200 (48ms, 9711B)
[2026-06-20T06:51:36.406Z] GET http://localhost:8236/assets/lunar_lander.png → 200 (35ms, 1570368B)
[2026-06-20T06:51:36.406Z] GET http://localhost:8236/assets/plants/cactus_1.png → 200 (35ms, 79050B)
[2026-06-20T06:51:36.406Z] GET http://localhost:8236/assets/plants/cactus_2.png → 200 (35ms, 73306B)
[2026-06-20T06:51:36.406Z] GET http://localhost:8236/assets/plants/agave_small.png → 200 (35ms, 112228B)
[2026-06-20T06:51:36.406Z] GET http://localhost:8236/assets/plants/barrel_cactus_flowering.png → 200 (35ms, 136999B)
[2026-06-20T06:51:36.406Z] GET http://localhost:8236/assets/plants/prickly_pear_cactus.png → 200 (53ms, 176683B)
[2026-06-20T06:51:36.406Z] GET http://localhost:8236/assets/plants/desert_scrub_brush.png → 200 (53ms, 168722B)
[2026-06-20T06:51:36.406Z] GET http://localhost:8236/assets/plants/alien_eye_plant_small.png → 200 (53ms, 89120B)
[2026-06-20T06:51:36.406Z] GET http://localhost:8236/assets/plants/purple_alien_eye_plant.png → 200 (54ms, 188586B)
[2026-06-20T06:51:40.969Z] GET http://localhost:8236/run.html?course=earth3 → 200 (2ms, 9239B)
[2026-06-20T06:51:40.976Z] GET http://localhost:8236/assets/fonts/DepartureMono-Regular.woff2 → 200 (?ms, ?B)
[2026-06-20T06:51:40.978Z] GET http://localhost:8236/src/shared.js → 200 (?ms, 10157B)
[2026-06-20T06:51:40.978Z] GET http://localhost:8236/src/worlds/run.js → 304 (8ms, ?B)
[2026-06-20T06:51:40.978Z] GET http://localhost:8236/src/level-design.js → 200 (?ms, 55884B)
[2026-06-20T06:51:40.978Z] GET http://localhost:8236/src/moon-terrain.js → 200 (?ms, 7939B)
[2026-06-20T06:51:40.978Z] GET http://localhost:8236/src/weird-terrain.js → 200 (?ms, 19400B)
[2026-06-20T06:51:40.978Z] GET http://localhost:8236/src/modes/desert-golfing.js → 200 (?ms, 38773B)
[2026-06-20T06:51:40.978Z] GET http://localhost:8236/src/art.js → 200 (?ms, 9472B)
[2026-06-20T06:51:40.978Z] GET http://localhost:8236/src/gameplay.js → 200 (?ms, 11767B)
[2026-06-20T06:51:40.978Z] GET http://localhost:8236/src/roguelike/save.js → 200 (?ms, 8310B)
[2026-06-20T06:51:40.978Z] GET http://localhost:8236/src/roguelike/modifiers.js → 200 (?ms, 3846B)
[2026-06-20T06:51:40.979Z] GET http://localhost:8236/src/roguelike/run.js → 200 (?ms, 145016B)
[2026-06-20T06:51:40.979Z] GET http://localhost:8236/src/roguelike/secrets.js → 200 (?ms, 15517B)
[2026-06-20T06:51:40.979Z] GET http://localhost:8236/src/roguelike/economy.js → 200 (?ms, 27713B)
[2026-06-20T06:51:40.979Z] GET http://localhost:8236/src/roguelike/ship.js → 200 (?ms, 9111B)
[2026-06-20T06:51:40.979Z] GET http://localhost:8236/src/roguelike/shop.js → 200 (?ms, 5435B)
[2026-06-20T06:51:40.979Z] GET http://localhost:8236/src/roguelike/wrap.js → 200 (?ms, 39053B)
[2026-06-20T06:51:40.979Z] GET http://localhost:8236/src/roguelike/audio.js → 200 (?ms, 13548B)
[2026-06-20T06:51:40.979Z] GET http://localhost:8236/src/roguelike/fx.js → 200 (?ms, 12243B)
[2026-06-20T06:51:40.979Z] GET http://localhost:8236/src/roguelike/juice.js → 200 (?ms, 15097B)
[2026-06-20T06:51:40.979Z] GET http://localhost:8236/src/roguelike/ambient.js → 200 (?ms, 22294B)
[2026-06-20T06:51:40.979Z] GET http://localhost:8236/src/roguelike/onboard.js → 200 (?ms, 22150B)
[2026-06-20T06:51:40.979Z] GET http://localhost:8236/src/roguelike/travel.js → 200 (2ms, 16267B)
[2026-06-20T06:51:40.981Z] GET http://localhost:8236/src/roguelike/event.js → 200 (?ms, 21531B)
[2026-06-20T06:51:40.981Z] GET http://localhost:8236/src/roguelike/terrain.js → 200 (?ms, 9525B)
[2026-06-20T06:51:40.981Z] GET http://localhost:8236/src/roguelike/lab.js → 200 (?ms, 13017B)
[2026-06-20T06:51:40.981Z] GET http://localhost:8236/src/roguelike/feel.js → 200 (?ms, 7035B)
[2026-06-20T06:51:40.981Z] GET http://localhost:8236/src/roguelike/playtest-bot.js → 200 (?ms, 11343B)
[2026-06-20T06:51:40.982Z] GET http://localhost:8236/src/roguelike/perf-hud.js → 200 (?ms, 4589B)
[2026-06-20T06:51:40.982Z] GET http://localhost:8236/src/roguelike/seqtest.js → 200 (?ms, 3979B)
[2026-06-20T06:51:40.982Z] GET http://localhost:8236/src/roguelike/testjump.js → 200 (?ms, 10254B)
[2026-06-20T06:51:40.982Z] GET http://localhost:8236/src/roguelike/galaxy.js → 200 (?ms, 14134B)
[2026-06-20T06:51:40.982Z] GET http://localhost:8236/src/roguelike/atlas-homesystem.js → 200 (?ms, 6841B)
[2026-06-20T06:51:40.982Z] GET http://localhost:8236/src/roguelike/atlas-fields.js → 200 (?ms, 6953B)
[2026-06-20T06:51:40.982Z] GET http://localhost:8236/src/roguelike/atlas-fields2.js → 200 (?ms, 10279B)
[2026-06-20T06:51:40.982Z] GET http://localhost:8236/src/roguelike/atlas-creatures.js → 200 (?ms, 8512B)
[2026-06-20T06:51:40.982Z] GET http://localhost:8236/src/roguelike/atlas-relics.js → 200 (?ms, 4544B)
[2026-06-20T06:51:40.982Z] GET http://localhost:8236/src/roguelike/atlas-portals.js → 200 (?ms, 4271B)
[2026-06-20T06:51:40.982Z] GET http://localhost:8236/src/roguelike/atlas-onlyup.js → 200 (?ms, 3438B)
[2026-06-20T06:51:40.983Z] GET http://localhost:8236/src/roguelike/atlas-climb.js → 200 (?ms, 7240B)
[2026-06-20T06:51:40.983Z] GET http://localhost:8236/src/roguelike/atlas-blocks.js → 200 (?ms, 12012B)
[2026-06-20T06:51:40.983Z] GET http://localhost:8236/src/roguelike/atlas-objects.js → 200 (?ms, 6272B)
[2026-06-20T06:51:40.983Z] GET http://localhost:8236/src/roguelike/atlas-setpieces.js → 200 (?ms, 7016B)
[2026-06-20T06:51:40.985Z] GET http://localhost:8236/src/main.js → 200 (?ms, 9711B)
[2026-06-20T06:51:40.985Z] GET http://localhost:8236/assets/lunar_lander.png → 200 (?ms, 1570368B)
[2026-06-20T06:51:40.985Z] GET http://localhost:8236/assets/plants/cactus_1.png → 200 (?ms, 79050B)
[2026-06-20T06:51:40.985Z] GET http://localhost:8236/assets/plants/cactus_2.png → 200 (?ms, 73306B)
[2026-06-20T06:51:40.985Z] GET http://localhost:8236/assets/plants/agave_small.png → 200 (?ms, 112228B)
[2026-06-20T06:51:40.985Z] GET http://localhost:8236/assets/plants/barrel_cactus_flowering.png → 200 (?ms, 136999B)
[2026-06-20T06:51:40.985Z] GET http://localhost:8236/assets/plants/prickly_pear_cactus.png → 200 (?ms, 176683B)
[2026-06-20T06:51:40.985Z] GET http://localhost:8236/assets/plants/desert_scrub_brush.png → 200 (?ms, 168722B)
[2026-06-20T06:51:40.985Z] GET http://localhost:8236/assets/plants/alien_eye_plant_small.png → 200 (?ms, 89120B)
[2026-06-20T06:51:40.986Z] GET http://localhost:8236/assets/plants/purple_alien_eye_plant.png → 200 (?ms, 188586B)
[2026-06-20T06:51:45.469Z] GET http://localhost:8236/run.html?course=earth4 → 200 (3ms, 9239B)
[2026-06-20T06:51:45.476Z] GET http://localhost:8236/assets/fonts/DepartureMono-Regular.woff2 → 200 (1ms, ?B)
[2026-06-20T06:51:45.477Z] GET http://localhost:8236/src/shared.js → 200 (1ms, 10157B)
[2026-06-20T06:51:45.478Z] GET http://localhost:8236/src/worlds/run.js → 304 (6ms, ?B)
[2026-06-20T06:51:45.478Z] GET http://localhost:8236/src/level-design.js → 200 (?ms, 55884B)
[2026-06-20T06:51:45.478Z] GET http://localhost:8236/src/moon-terrain.js → 200 (1ms, 7939B)
[2026-06-20T06:51:45.479Z] GET http://localhost:8236/src/weird-terrain.js → 200 (?ms, 19400B)
[2026-06-20T06:51:45.479Z] GET http://localhost:8236/src/modes/desert-golfing.js → 200 (?ms, 38773B)
[2026-06-20T06:51:45.479Z] GET http://localhost:8236/src/art.js → 200 (?ms, 9472B)
[2026-06-20T06:51:45.479Z] GET http://localhost:8236/src/gameplay.js → 200 (?ms, 11767B)
[2026-06-20T06:51:45.479Z] GET http://localhost:8236/src/roguelike/save.js → 200 (?ms, 8310B)
[2026-06-20T06:51:45.479Z] GET http://localhost:8236/src/roguelike/modifiers.js → 200 (?ms, 3846B)
[2026-06-20T06:51:45.479Z] GET http://localhost:8236/src/roguelike/run.js → 200 (?ms, 145016B)
[2026-06-20T06:51:45.479Z] GET http://localhost:8236/src/roguelike/secrets.js → 200 (?ms, 15517B)
[2026-06-20T06:51:45.479Z] GET http://localhost:8236/src/roguelike/economy.js → 200 (?ms, 27713B)
[2026-06-20T06:51:45.479Z] GET http://localhost:8236/src/roguelike/ship.js → 200 (?ms, 9111B)
[2026-06-20T06:51:45.479Z] GET http://localhost:8236/src/roguelike/shop.js → 200 (?ms, 5435B)
[2026-06-20T06:51:45.479Z] GET http://localhost:8236/src/roguelike/wrap.js → 200 (?ms, 39053B)
[2026-06-20T06:51:45.479Z] GET http://localhost:8236/src/roguelike/audio.js → 200 (?ms, 13548B)
[2026-06-20T06:51:45.479Z] GET http://localhost:8236/src/roguelike/fx.js → 200 (?ms, 12243B)
[2026-06-20T06:51:45.479Z] GET http://localhost:8236/src/roguelike/juice.js → 200 (?ms, 15097B)
[2026-06-20T06:51:45.479Z] GET http://localhost:8236/src/roguelike/ambient.js → 200 (?ms, 22294B)
[2026-06-20T06:51:45.479Z] GET http://localhost:8236/src/roguelike/onboard.js → 200 (?ms, 22150B)
[2026-06-20T06:51:45.479Z] GET http://localhost:8236/src/roguelike/travel.js → 200 (?ms, 16267B)
[2026-06-20T06:51:45.479Z] GET http://localhost:8236/src/roguelike/event.js → 200 (1ms, 21531B)
[2026-06-20T06:51:45.481Z] GET http://localhost:8236/src/roguelike/terrain.js → 200 (?ms, 9525B)
[2026-06-20T06:51:45.481Z] GET http://localhost:8236/src/roguelike/lab.js → 200 (?ms, 13017B)
[2026-06-20T06:51:45.481Z] GET http://localhost:8236/src/roguelike/feel.js → 200 (?ms, 7035B)
[2026-06-20T06:51:45.481Z] GET http://localhost:8236/src/roguelike/playtest-bot.js → 200 (?ms, 11343B)
[2026-06-20T06:51:45.481Z] GET http://localhost:8236/src/roguelike/perf-hud.js → 200 (?ms, 4589B)
[2026-06-20T06:51:45.481Z] GET http://localhost:8236/src/roguelike/seqtest.js → 200 (?ms, 3979B)
[2026-06-20T06:51:45.481Z] GET http://localhost:8236/src/roguelike/testjump.js → 200 (?ms, 10254B)
[2026-06-20T06:51:45.481Z] GET http://localhost:8236/src/roguelike/galaxy.js → 200 (?ms, 14134B)
[2026-06-20T06:51:45.481Z] GET http://localhost:8236/src/roguelike/atlas-homesystem.js → 200 (1ms, 6841B)
[2026-06-20T06:51:45.482Z] GET http://localhost:8236/src/roguelike/atlas-fields.js → 200 (?ms, 6953B)
[2026-06-20T06:51:45.482Z] GET http://localhost:8236/src/roguelike/atlas-fields2.js → 200 (?ms, 10279B)
[2026-06-20T06:51:45.482Z] GET http://localhost:8236/src/roguelike/atlas-creatures.js → 200 (?ms, 8512B)
[2026-06-20T06:51:45.482Z] GET http://localhost:8236/src/roguelike/atlas-relics.js → 200 (?ms, 4544B)
[2026-06-20T06:51:45.482Z] GET http://localhost:8236/src/roguelike/atlas-portals.js → 200 (?ms, 4271B)
[2026-06-20T06:51:45.482Z] GET http://localhost:8236/src/roguelike/atlas-onlyup.js → 200 (?ms, 3438B)
[2026-06-20T06:51:45.482Z] GET http://localhost:8236/src/roguelike/atlas-climb.js → 200 (?ms, 7240B)
[2026-06-20T06:51:45.482Z] GET http://localhost:8236/src/roguelike/atlas-blocks.js → 200 (?ms, 12012B)
[2026-06-20T06:51:45.482Z] GET http://localhost:8236/src/roguelike/atlas-objects.js → 200 (?ms, 6272B)
[2026-06-20T06:51:45.482Z] GET http://localhost:8236/src/roguelike/atlas-setpieces.js → 200 (?ms, 7016B)
[2026-06-20T06:51:45.482Z] GET http://localhost:8236/src/main.js → 200 (2ms, 9711B)
[2026-06-20T06:51:45.484Z] GET http://localhost:8236/assets/lunar_lander.png → 200 (?ms, 1570368B)
[2026-06-20T06:51:45.484Z] GET http://localhost:8236/assets/plants/cactus_1.png → 200 (?ms, 79050B)
[2026-06-20T06:51:45.484Z] GET http://localhost:8236/assets/plants/cactus_2.png → 200 (?ms, 73306B)
[2026-06-20T06:51:45.484Z] GET http://localhost:8236/assets/plants/agave_small.png → 200 (?ms, 112228B)
[2026-06-20T06:51:45.484Z] GET http://localhost:8236/assets/plants/barrel_cactus_flowering.png → 200 (?ms, 136999B)
[2026-06-20T06:51:45.484Z] GET http://localhost:8236/assets/plants/prickly_pear_cactus.png → 200 (?ms, 176683B)
[2026-06-20T06:51:45.484Z] GET http://localhost:8236/assets/plants/desert_scrub_brush.png → 200 (?ms, 168722B)
[2026-06-20T06:51:45.484Z] GET http://localhost:8236/assets/plants/alien_eye_plant_small.png → 200 (?ms, 89120B)
[2026-06-20T06:51:45.484Z] GET http://localhost:8236/assets/plants/purple_alien_eye_plant.png → 200 (?ms, 188586B)
[2026-06-20T06:51:50.016Z] GET http://localhost:8236/run.html?course=earth2 → 200 (1ms, ?B)
[2026-06-20T06:51:50.022Z] GET http://localhost:8236/assets/fonts/DepartureMono-Regular.woff2 → 200 (?ms, ?B)
[2026-06-20T06:51:50.022Z] GET http://localhost:8236/src/shared.js → 200 (?ms, ?B)
[2026-06-20T06:51:50.023Z] GET http://localhost:8236/src/worlds/run.js → 304 (6ms, ?B)
[2026-06-20T06:51:50.023Z] GET http://localhost:8236/src/level-design.js → 200 (?ms, ?B)
[2026-06-20T06:51:50.023Z] GET http://localhost:8236/src/moon-terrain.js → 200 (?ms, ?B)
[2026-06-20T06:51:50.023Z] GET http://localhost:8236/src/weird-terrain.js → 200 (?ms, ?B)
[2026-06-20T06:51:50.023Z] GET http://localhost:8236/src/modes/desert-golfing.js → 200 (?ms, ?B)
[2026-06-20T06:51:50.023Z] GET http://localhost:8236/src/art.js → 200 (?ms, ?B)
[2026-06-20T06:51:50.023Z] GET http://localhost:8236/src/gameplay.js → 200 (?ms, ?B)
[2026-06-20T06:51:50.023Z] GET http://localhost:8236/src/roguelike/save.js → 200 (?ms, ?B)
[2026-06-20T06:51:50.024Z] GET http://localhost:8236/src/roguelike/modifiers.js → 200 (?ms, ?B)
[2026-06-20T06:51:50.024Z] GET http://localhost:8236/src/roguelike/run.js → 200 (1ms, ?B)
[2026-06-20T06:51:50.025Z] GET http://localhost:8236/src/roguelike/secrets.js → 200 (?ms, ?B)
[2026-06-20T06:51:50.025Z] GET http://localhost:8236/src/roguelike/economy.js → 200 (?ms, ?B)
[2026-06-20T06:51:50.025Z] GET http://localhost:8236/src/roguelike/ship.js → 200 (?ms, ?B)
[2026-06-20T06:51:50.025Z] GET http://localhost:8236/src/roguelike/shop.js → 200 (?ms, ?B)
[2026-06-20T06:51:50.025Z] GET http://localhost:8236/src/roguelike/wrap.js → 200 (?ms, ?B)
[2026-06-20T06:51:50.025Z] GET http://localhost:8236/src/roguelike/audio.js → 200 (?ms, ?B)
[2026-06-20T06:51:50.025Z] GET http://localhost:8236/src/roguelike/fx.js → 200 (?ms, ?B)
[2026-06-20T06:51:50.025Z] GET http://localhost:8236/src/roguelike/juice.js → 200 (?ms, ?B)
[2026-06-20T06:51:50.025Z] GET http://localhost:8236/src/roguelike/ambient.js → 200 (?ms, ?B)
[2026-06-20T06:51:50.025Z] GET http://localhost:8236/src/roguelike/onboard.js → 200 (?ms, ?B)
[2026-06-20T06:51:50.025Z] GET http://localhost:8236/src/roguelike/travel.js → 200 (?ms, ?B)
[2026-06-20T06:51:50.025Z] GET http://localhost:8236/src/roguelike/event.js → 200 (1ms, ?B)
[2026-06-20T06:51:50.026Z] GET http://localhost:8236/src/roguelike/terrain.js → 200 (?ms, ?B)
[2026-06-20T06:51:50.026Z] GET http://localhost:8236/src/roguelike/lab.js → 200 (?ms, ?B)
[2026-06-20T06:51:50.026Z] GET http://localhost:8236/src/roguelike/feel.js → 200 (?ms, ?B)
[2026-06-20T06:51:50.026Z] GET http://localhost:8236/src/roguelike/playtest-bot.js → 200 (?ms, ?B)
[2026-06-20T06:51:50.026Z] GET http://localhost:8236/src/roguelike/perf-hud.js → 200 (?ms, ?B)
[2026-06-20T06:51:50.026Z] GET http://localhost:8236/src/roguelike/seqtest.js → 200 (?ms, ?B)
[2026-06-20T06:51:50.026Z] GET http://localhost:8236/src/roguelike/testjump.js → 200 (?ms, ?B)
[2026-06-20T06:51:50.026Z] GET http://localhost:8236/src/roguelike/galaxy.js → 200 (?ms, ?B)
[2026-06-20T06:51:50.026Z] GET http://localhost:8236/src/roguelike/atlas-homesystem.js → 200 (?ms, ?B)
[2026-06-20T06:51:50.026Z] GET http://localhost:8236/src/roguelike/atlas-fields.js → 200 (2ms, ?B)
[2026-06-20T06:51:50.028Z] GET http://localhost:8236/src/roguelike/atlas-fields2.js → 200 (?ms, ?B)
[2026-06-20T06:51:50.028Z] GET http://localhost:8236/src/roguelike/atlas-creatures.js → 200 (?ms, ?B)
[2026-06-20T06:51:50.028Z] GET http://localhost:8236/src/roguelike/atlas-relics.js → 200 (?ms, ?B)
[2026-06-20T06:51:50.028Z] GET http://localhost:8236/src/roguelike/atlas-portals.js → 200 (?ms, ?B)
[2026-06-20T06:51:50.028Z] GET http://localhost:8236/src/roguelike/atlas-onlyup.js → 200 (?ms, ?B)
[2026-06-20T06:51:50.028Z] GET http://localhost:8236/src/roguelike/atlas-climb.js → 200 (?ms, ?B)
[2026-06-20T06:51:50.028Z] GET http://localhost:8236/src/roguelike/atlas-blocks.js → 200 (?ms, ?B)
[2026-06-20T06:51:50.028Z] GET http://localhost:8236/src/roguelike/atlas-objects.js → 200 (?ms, ?B)
[2026-06-20T06:51:50.028Z] GET http://localhost:8236/src/roguelike/atlas-setpieces.js → 200 (?ms, ?B)
[2026-06-20T06:51:50.028Z] GET http://localhost:8236/src/main.js → 200 (?ms, ?B)
[2026-06-20T06:51:50.028Z] GET http://localhost:8236/assets/lunar_lander.png → 200 (?ms, ?B)
[2026-06-20T06:51:50.028Z] GET http://localhost:8236/assets/plants/cactus_1.png → 200 (?ms, ?B)
[2026-06-20T06:51:50.028Z] GET http://localhost:8236/assets/plants/cactus_2.png → 200 (?ms, ?B)
[2026-06-20T06:51:50.029Z] GET http://localhost:8236/assets/plants/agave_small.png → 200 (?ms, ?B)
[2026-06-20T06:51:50.029Z] GET http://localhost:8236/assets/plants/barrel_cactus_flowering.png → 200 (?ms, ?B)
[2026-06-20T06:51:50.029Z] GET http://localhost:8236/assets/plants/prickly_pear_cactus.png → 200 (?ms, ?B)
[2026-06-20T06:51:50.029Z] GET http://localhost:8236/assets/plants/desert_scrub_brush.png → 200 (?ms, ?B)
[2026-06-20T06:51:50.029Z] GET http://localhost:8236/assets/plants/alien_eye_plant_small.png → 200 (?ms, ?B)
[2026-06-20T06:51:50.029Z] GET http://localhost:8236/assets/plants/purple_alien_eye_plant.png → 200 (?ms, ?B)
[2026-06-20T06:51:53.139Z] GET http://localhost:8236/run.html?course=earth2 → 200 (1ms, 9239B)
[2026-06-20T06:51:53.144Z] GET http://localhost:8236/assets/fonts/DepartureMono-Regular.woff2 → 200 (?ms, ?B)
[2026-06-20T06:51:53.144Z] GET http://localhost:8236/src/shared.js → 200 (?ms, 10157B)
[2026-06-20T06:51:53.145Z] GET http://localhost:8236/src/worlds/run.js → 200 (?ms, 7990B)
[2026-06-20T06:51:53.145Z] GET http://localhost:8236/src/level-design.js → 200 (?ms, 55884B)
[2026-06-20T06:51:53.145Z] GET http://localhost:8236/src/moon-terrain.js → 200 (?ms, 7939B)
[2026-06-20T06:51:53.145Z] GET http://localhost:8236/src/weird-terrain.js → 200 (?ms, 19400B)
[2026-06-20T06:51:53.145Z] GET http://localhost:8236/src/modes/desert-golfing.js → 200 (?ms, 38773B)
[2026-06-20T06:51:53.146Z] GET http://localhost:8236/src/art.js → 200 (?ms, 9472B)
[2026-06-20T06:51:53.146Z] GET http://localhost:8236/src/gameplay.js → 200 (?ms, 11767B)
[2026-06-20T06:51:53.146Z] GET http://localhost:8236/src/roguelike/save.js → 200 (?ms, 8310B)
[2026-06-20T06:51:53.146Z] GET http://localhost:8236/src/roguelike/modifiers.js → 200 (?ms, 3846B)
[2026-06-20T06:51:53.146Z] GET http://localhost:8236/src/roguelike/run.js → 200 (?ms, 145016B)
[2026-06-20T06:51:53.146Z] GET http://localhost:8236/src/roguelike/secrets.js → 200 (?ms, 15517B)
[2026-06-20T06:51:53.146Z] GET http://localhost:8236/src/roguelike/economy.js → 200 (?ms, 27713B)
[2026-06-20T06:51:53.146Z] GET http://localhost:8236/src/roguelike/ship.js → 200 (?ms, 9111B)
[2026-06-20T06:51:53.146Z] GET http://localhost:8236/src/roguelike/shop.js → 200 (?ms, 5435B)
[2026-06-20T06:51:53.146Z] GET http://localhost:8236/src/roguelike/wrap.js → 200 (1ms, 39053B)
[2026-06-20T06:51:53.147Z] GET http://localhost:8236/src/roguelike/audio.js → 200 (?ms, 13548B)
[2026-06-20T06:51:53.147Z] GET http://localhost:8236/src/roguelike/fx.js → 200 (?ms, 12243B)
[2026-06-20T06:51:53.147Z] GET http://localhost:8236/src/roguelike/juice.js → 200 (?ms, 15097B)
[2026-06-20T06:51:53.147Z] GET http://localhost:8236/src/roguelike/ambient.js → 200 (?ms, 22294B)
[2026-06-20T06:51:53.147Z] GET http://localhost:8236/src/roguelike/onboard.js → 200 (?ms, 22150B)
[2026-06-20T06:51:53.147Z] GET http://localhost:8236/src/roguelike/travel.js → 200 (?ms, 16267B)
[2026-06-20T06:51:53.147Z] GET http://localhost:8236/src/roguelike/event.js → 200 (?ms, 21531B)
[2026-06-20T06:51:53.147Z] GET http://localhost:8236/src/roguelike/terrain.js → 200 (?ms, 9525B)
[2026-06-20T06:51:53.147Z] GET http://localhost:8236/src/roguelike/lab.js → 200 (?ms, 13017B)
[2026-06-20T06:51:53.147Z] GET http://localhost:8236/src/roguelike/feel.js → 200 (?ms, 7035B)
[2026-06-20T06:51:53.147Z] GET http://localhost:8236/src/roguelike/playtest-bot.js → 200 (?ms, 11343B)
[2026-06-20T06:51:53.147Z] GET http://localhost:8236/src/roguelike/perf-hud.js → 200 (?ms, 4589B)
[2026-06-20T06:51:53.147Z] GET http://localhost:8236/src/roguelike/seqtest.js → 200 (?ms, 3979B)
[2026-06-20T06:51:53.148Z] GET http://localhost:8236/src/roguelike/testjump.js → 200 (?ms, 10254B)
[2026-06-20T06:51:53.148Z] GET http://localhost:8236/src/roguelike/galaxy.js → 200 (?ms, 14134B)
[2026-06-20T06:51:53.148Z] GET http://localhost:8236/src/roguelike/atlas-homesystem.js → 200 (?ms, 6841B)
[2026-06-20T06:51:53.148Z] GET http://localhost:8236/src/roguelike/atlas-fields.js → 200 (?ms, 6953B)
[2026-06-20T06:51:53.148Z] GET http://localhost:8236/src/roguelike/atlas-fields2.js → 200 (?ms, 10279B)
[2026-06-20T06:51:53.148Z] GET http://localhost:8236/src/roguelike/atlas-creatures.js → 200 (?ms, 8512B)
[2026-06-20T06:51:53.148Z] GET http://localhost:8236/src/roguelike/atlas-relics.js → 200 (?ms, 4544B)
[2026-06-20T06:51:53.148Z] GET http://localhost:8236/src/roguelike/atlas-portals.js → 200 (?ms, 4271B)
[2026-06-20T06:51:53.148Z] GET http://localhost:8236/src/roguelike/atlas-onlyup.js → 200 (1ms, 3438B)
[2026-06-20T06:51:53.149Z] GET http://localhost:8236/src/roguelike/atlas-climb.js → 200 (?ms, 7240B)
[2026-06-20T06:51:53.149Z] GET http://localhost:8236/src/roguelike/atlas-blocks.js → 200 (?ms, 12012B)
[2026-06-20T06:51:53.149Z] GET http://localhost:8236/src/roguelike/atlas-objects.js → 200 (?ms, 6272B)
[2026-06-20T06:51:53.149Z] GET http://localhost:8236/src/roguelike/atlas-setpieces.js → 200 (?ms, 7016B)
[2026-06-20T06:51:53.149Z] GET http://localhost:8236/src/main.js → 200 (?ms, 9711B)
[2026-06-20T06:51:53.154Z] GET http://localhost:8236/assets/lunar_lander.png → 200 (?ms, 1570368B)
[2026-06-20T06:51:53.155Z] GET http://localhost:8236/assets/plants/cactus_1.png → 200 (?ms, 79050B)
[2026-06-20T06:51:53.155Z] GET http://localhost:8236/assets/plants/cactus_2.png → 200 (?ms, 73306B)
[2026-06-20T06:51:53.155Z] GET http://localhost:8236/assets/plants/agave_small.png → 200 (?ms, 112228B)
[2026-06-20T06:51:53.155Z] GET http://localhost:8236/assets/plants/barrel_cactus_flowering.png → 200 (?ms, 136999B)
[2026-06-20T06:51:53.155Z] GET http://localhost:8236/assets/plants/prickly_pear_cactus.png → 200 (?ms, 176683B)
[2026-06-20T06:51:53.155Z] GET http://localhost:8236/assets/plants/desert_scrub_brush.png → 200 (?ms, 168722B)
[2026-06-20T06:51:53.155Z] GET http://localhost:8236/assets/plants/alien_eye_plant_small.png → 200 (?ms, 89120B)
[2026-06-20T06:51:53.155Z] GET http://localhost:8236/assets/plants/purple_alien_eye_plant.png → 200 (?ms, 188586B)
[2026-06-20T06:51:56.247Z] GET http://localhost:8236/run.html?course=earth2 → 200 (1ms, 9239B)
[2026-06-20T06:51:56.256Z] GET http://localhost:8236/assets/fonts/DepartureMono-Regular.woff2 → 200 (?ms, ?B)
[2026-06-20T06:51:56.256Z] GET http://localhost:8236/src/shared.js → 200 (?ms, 10157B)
[2026-06-20T06:51:56.256Z] GET http://localhost:8236/src/worlds/run.js → 304 (5ms, ?B)
[2026-06-20T06:51:56.256Z] GET http://localhost:8236/src/level-design.js → 200 (?ms, 55884B)
[2026-06-20T06:51:56.256Z] GET http://localhost:8236/src/moon-terrain.js → 200 (?ms, 7939B)
[2026-06-20T06:51:56.256Z] GET http://localhost:8236/src/weird-terrain.js → 200 (?ms, 19400B)
[2026-06-20T06:51:56.256Z] GET http://localhost:8236/src/modes/desert-golfing.js → 200 (?ms, 38773B)
[2026-06-20T06:51:56.256Z] GET http://localhost:8236/src/art.js → 200 (?ms, 9472B)
[2026-06-20T06:51:56.256Z] GET http://localhost:8236/src/gameplay.js → 200 (?ms, 11767B)
[2026-06-20T06:51:56.256Z] GET http://localhost:8236/src/roguelike/save.js → 200 (?ms, 8310B)
[2026-06-20T06:51:56.256Z] GET http://localhost:8236/src/roguelike/modifiers.js → 200 (?ms, 3846B)
[2026-06-20T06:51:56.256Z] GET http://localhost:8236/src/roguelike/run.js → 200 (?ms, 145016B)
[2026-06-20T06:51:56.257Z] GET http://localhost:8236/src/roguelike/secrets.js → 200 (?ms, 15517B)
[2026-06-20T06:51:56.257Z] GET http://localhost:8236/src/roguelike/economy.js → 200 (?ms, 27713B)
[2026-06-20T06:51:56.257Z] GET http://localhost:8236/src/roguelike/ship.js → 200 (?ms, 9111B)
[2026-06-20T06:51:56.257Z] GET http://localhost:8236/src/roguelike/shop.js → 200 (?ms, 5435B)
[2026-06-20T06:51:56.257Z] GET http://localhost:8236/src/roguelike/wrap.js → 200 (?ms, 39053B)
[2026-06-20T06:51:56.257Z] GET http://localhost:8236/src/roguelike/audio.js → 200 (?ms, 13548B)
[2026-06-20T06:51:56.257Z] GET http://localhost:8236/src/roguelike/fx.js → 200 (?ms, 12243B)
[2026-06-20T06:51:56.257Z] GET http://localhost:8236/src/roguelike/juice.js → 200 (?ms, 15097B)
[2026-06-20T06:51:56.257Z] GET http://localhost:8236/src/roguelike/ambient.js → 200 (?ms, 22294B)
[2026-06-20T06:51:56.257Z] GET http://localhost:8236/src/roguelike/onboard.js → 200 (?ms, 22150B)
[2026-06-20T06:51:56.258Z] GET http://localhost:8236/src/roguelike/travel.js → 200 (?ms, 16267B)
[2026-06-20T06:51:56.258Z] GET http://localhost:8236/src/roguelike/event.js → 200 (?ms, 21531B)
[2026-06-20T06:51:56.258Z] GET http://localhost:8236/src/roguelike/terrain.js → 200 (?ms, 9525B)
[2026-06-20T06:51:56.258Z] GET http://localhost:8236/src/roguelike/lab.js → 200 (?ms, 13017B)
[2026-06-20T06:51:56.258Z] GET http://localhost:8236/src/roguelike/feel.js → 200 (?ms, 7035B)
[2026-06-20T06:51:56.258Z] GET http://localhost:8236/src/roguelike/playtest-bot.js → 200 (?ms, 11343B)
[2026-06-20T06:51:56.258Z] GET http://localhost:8236/src/roguelike/perf-hud.js → 200 (?ms, 4589B)
[2026-06-20T06:51:56.259Z] GET http://localhost:8236/src/roguelike/seqtest.js → 200 (?ms, 3979B)
[2026-06-20T06:51:56.259Z] GET http://localhost:8236/src/roguelike/testjump.js → 200 (?ms, 10254B)
[2026-06-20T06:51:56.259Z] GET http://localhost:8236/src/roguelike/galaxy.js → 200 (?ms, 14134B)
[2026-06-20T06:51:56.259Z] GET http://localhost:8236/src/roguelike/atlas-homesystem.js → 200 (?ms, 6841B)
[2026-06-20T06:51:56.259Z] GET http://localhost:8236/src/roguelike/atlas-fields.js → 200 (?ms, 6953B)
[2026-06-20T06:51:56.259Z] GET http://localhost:8236/src/roguelike/atlas-fields2.js → 200 (?ms, 10279B)
[2026-06-20T06:51:56.259Z] GET http://localhost:8236/src/roguelike/atlas-creatures.js → 200 (?ms, 8512B)
[2026-06-20T06:51:56.259Z] GET http://localhost:8236/src/roguelike/atlas-relics.js → 200 (?ms, 4544B)
[2026-06-20T06:51:56.259Z] GET http://localhost:8236/src/roguelike/atlas-portals.js → 200 (?ms, 4271B)
[2026-06-20T06:51:56.259Z] GET http://localhost:8236/src/roguelike/atlas-onlyup.js → 200 (?ms, 3438B)
[2026-06-20T06:51:56.259Z] GET http://localhost:8236/src/roguelike/atlas-climb.js → 200 (?ms, 7240B)
[2026-06-20T06:51:56.259Z] GET http://localhost:8236/src/roguelike/atlas-blocks.js → 200 (?ms, 12012B)
[2026-06-20T06:51:56.259Z] GET http://localhost:8236/src/roguelike/atlas-objects.js → 200 (?ms, 6272B)
[2026-06-20T06:51:56.259Z] GET http://localhost:8236/src/roguelike/atlas-setpieces.js → 200 (1ms, 7016B)
[2026-06-20T06:51:56.260Z] GET http://localhost:8236/src/main.js → 200 (?ms, 9711B)
[2026-06-20T06:51:56.261Z] GET http://localhost:8236/assets/lunar_lander.png → 200 (?ms, 1570368B)
[2026-06-20T06:51:56.261Z] GET http://localhost:8236/assets/plants/cactus_1.png → 200 (?ms, 79050B)
[2026-06-20T06:51:56.261Z] GET http://localhost:8236/assets/plants/cactus_2.png → 200 (?ms, 73306B)
[2026-06-20T06:51:56.261Z] GET http://localhost:8236/assets/plants/agave_small.png → 200 (?ms, 112228B)
[2026-06-20T06:51:56.261Z] GET http://localhost:8236/assets/plants/barrel_cactus_flowering.png → 200 (?ms, 136999B)
[2026-06-20T06:51:56.261Z] GET http://localhost:8236/assets/plants/prickly_pear_cactus.png → 200 (?ms, 176683B)
[2026-06-20T06:51:56.261Z] GET http://localhost:8236/assets/plants/desert_scrub_brush.png → 200 (?ms, 168722B)
[2026-06-20T06:51:56.261Z] GET http://localhost:8236/assets/plants/alien_eye_plant_small.png → 200 (?ms, 89120B)
[2026-06-20T06:51:56.261Z] GET http://localhost:8236/assets/plants/purple_alien_eye_plant.png → 200 (?ms, 188586B)
[2026-06-20T07:11:08.554Z] GET http://localhost:8236/run.html?course=p1 → 200 (3ms, 9363B)
[2026-06-20T07:11:08.565Z] GET http://localhost:8236/assets/fonts/DepartureMono-Regular.woff2 → 200 (?ms, ?B)
[2026-06-20T07:11:08.568Z] GET http://localhost:8236/src/shared.js → 200 (?ms, 10157B)
[2026-06-20T07:11:08.568Z] GET http://localhost:8236/src/worlds/run.js → 304 (15ms, ?B)
[2026-06-20T07:11:08.568Z] GET http://localhost:8236/src/planet-gen.js → 200 (15ms, 4046B)
[2026-06-20T07:11:08.568Z] GET http://localhost:8236/src/level-design.js → 200 (?ms, 55884B)
[2026-06-20T07:11:08.568Z] GET http://localhost:8236/src/moon-terrain.js → 200 (?ms, 7939B)
[2026-06-20T07:11:08.568Z] GET http://localhost:8236/src/weird-terrain.js → 304 (15ms, ?B)
[2026-06-20T07:11:08.568Z] GET http://localhost:8236/src/modes/desert-golfing.js → 304 (15ms, ?B)
[2026-06-20T07:11:08.568Z] GET http://localhost:8236/src/art.js → 200 (?ms, 9472B)
[2026-06-20T07:11:08.568Z] GET http://localhost:8236/src/gameplay.js → 200 (?ms, 11767B)
[2026-06-20T07:11:08.568Z] GET http://localhost:8236/src/roguelike/save.js → 200 (?ms, 8310B)
[2026-06-20T07:11:08.568Z] GET http://localhost:8236/src/roguelike/modifiers.js → 200 (4ms, 3846B)
[2026-06-20T07:11:08.572Z] GET http://localhost:8236/src/roguelike/run.js → 200 (?ms, 145016B)
[2026-06-20T07:11:08.572Z] GET http://localhost:8236/src/roguelike/secrets.js → 200 (?ms, 15517B)
[2026-06-20T07:11:08.572Z] GET http://localhost:8236/src/roguelike/economy.js → 200 (?ms, 27713B)
[2026-06-20T07:11:08.572Z] GET http://localhost:8236/src/roguelike/ship.js → 200 (?ms, 9111B)
[2026-06-20T07:11:08.572Z] GET http://localhost:8236/src/roguelike/shop.js → 200 (1ms, 5435B)
[2026-06-20T07:11:08.573Z] GET http://localhost:8236/src/roguelike/wrap.js → 200 (?ms, 39053B)
[2026-06-20T07:11:08.573Z] GET http://localhost:8236/src/roguelike/audio.js → 200 (?ms, 13548B)
[2026-06-20T07:11:08.573Z] GET http://localhost:8236/src/roguelike/fx.js → 200 (?ms, 12243B)
[2026-06-20T07:11:08.573Z] GET http://localhost:8236/src/roguelike/juice.js → 200 (?ms, 15097B)
[2026-06-20T07:11:08.573Z] GET http://localhost:8236/src/roguelike/ambient.js → 200 (?ms, 22294B)
[2026-06-20T07:11:08.573Z] GET http://localhost:8236/src/roguelike/onboard.js → 200 (?ms, 22150B)
[2026-06-20T07:11:08.573Z] GET http://localhost:8236/src/roguelike/travel.js → 200 (?ms, 16267B)
[2026-06-20T07:11:08.573Z] GET http://localhost:8236/src/roguelike/event.js → 200 (?ms, 21531B)
[2026-06-20T07:11:08.573Z] GET http://localhost:8236/src/roguelike/terrain.js → 200 (?ms, 9525B)
[2026-06-20T07:11:08.573Z] GET http://localhost:8236/src/roguelike/lab.js → 200 (?ms, 13017B)
[2026-06-20T07:11:08.573Z] GET http://localhost:8236/src/roguelike/feel.js → 200 (?ms, 7035B)
[2026-06-20T07:11:08.573Z] GET http://localhost:8236/src/roguelike/playtest-bot.js → 200 (?ms, 11343B)
[2026-06-20T07:11:08.573Z] GET http://localhost:8236/src/roguelike/perf-hud.js → 200 (?ms, 4589B)
[2026-06-20T07:11:08.574Z] GET http://localhost:8236/src/roguelike/seqtest.js → 200 (?ms, 3979B)
[2026-06-20T07:11:08.579Z] GET http://localhost:8236/src/roguelike/testjump.js → 200 (?ms, 10254B)
[2026-06-20T07:11:08.579Z] GET http://localhost:8236/src/roguelike/galaxy.js → 200 (?ms, 14134B)
[2026-06-20T07:11:08.579Z] GET http://localhost:8236/src/roguelike/atlas-homesystem.js → 200 (?ms, 6841B)
[2026-06-20T07:11:08.579Z] GET http://localhost:8236/src/roguelike/atlas-fields.js → 200 (?ms, 6953B)
[2026-06-20T07:11:08.579Z] GET http://localhost:8236/src/roguelike/atlas-fields2.js → 200 (?ms, 10279B)
[2026-06-20T07:11:08.579Z] GET http://localhost:8236/src/roguelike/atlas-creatures.js → 200 (?ms, 8512B)
[2026-06-20T07:11:08.579Z] GET http://localhost:8236/src/roguelike/atlas-relics.js → 200 (?ms, 4544B)
[2026-06-20T07:11:08.579Z] GET http://localhost:8236/src/roguelike/atlas-portals.js → 200 (?ms, 4271B)
[2026-06-20T07:11:08.579Z] GET http://localhost:8236/src/roguelike/atlas-onlyup.js → 200 (?ms, 3438B)
[2026-06-20T07:11:08.580Z] GET http://localhost:8236/src/roguelike/atlas-climb.js → 200 (?ms, 7240B)
[2026-06-20T07:11:08.580Z] GET http://localhost:8236/src/roguelike/atlas-blocks.js → 200 (?ms, 12012B)
[2026-06-20T07:11:08.580Z] GET http://localhost:8236/src/roguelike/atlas-objects.js → 200 (?ms, 6272B)
[2026-06-20T07:11:08.580Z] GET http://localhost:8236/src/roguelike/atlas-setpieces.js → 200 (?ms, 7016B)
[2026-06-20T07:11:08.580Z] GET http://localhost:8236/src/main.js → 200 (?ms, 9711B)
[2026-06-20T07:11:08.583Z] GET http://localhost:8236/assets/lunar_lander.png → 200 (?ms, 1570368B)
[2026-06-20T07:11:08.583Z] GET http://localhost:8236/assets/plants/cactus_1.png → 200 (?ms, 79050B)
[2026-06-20T07:11:08.583Z] GET http://localhost:8236/assets/plants/cactus_2.png → 200 (?ms, 73306B)
[2026-06-20T07:11:08.583Z] GET http://localhost:8236/assets/plants/agave_small.png → 200 (?ms, 112228B)
[2026-06-20T07:11:08.583Z] GET http://localhost:8236/assets/plants/barrel_cactus_flowering.png → 200 (?ms, 136999B)
[2026-06-20T07:11:08.583Z] GET http://localhost:8236/assets/plants/prickly_pear_cactus.png → 200 (?ms, 176683B)
[2026-06-20T07:11:08.583Z] GET http://localhost:8236/assets/plants/desert_scrub_brush.png → 200 (?ms, 168722B)
[2026-06-20T07:11:08.583Z] GET http://localhost:8236/assets/plants/alien_eye_plant_small.png → 200 (?ms, 89120B)
[2026-06-20T07:11:08.583Z] GET http://localhost:8236/assets/plants/purple_alien_eye_plant.png → 200 (?ms, 188586B)
[2026-06-20T07:11:12.656Z] GET http://localhost:8236/run.html?course=p1 → 200 (3ms, 9363B)
[2026-06-20T07:11:12.663Z] GET http://localhost:8236/assets/fonts/DepartureMono-Regular.woff2 → 200 (?ms, ?B)
[2026-06-20T07:11:12.663Z] GET http://localhost:8236/src/shared.js → 200 (1ms, 10157B)
[2026-06-20T07:11:12.665Z] GET http://localhost:8236/src/worlds/run.js → 200 (?ms, 7990B)
[2026-06-20T07:11:12.665Z] GET http://localhost:8236/src/planet-gen.js → 200 (?ms, 4046B)
[2026-06-20T07:11:12.665Z] GET http://localhost:8236/src/level-design.js → 200 (?ms, 55884B)
[2026-06-20T07:11:12.665Z] GET http://localhost:8236/src/moon-terrain.js → 200 (?ms, 7939B)
[2026-06-20T07:11:12.665Z] GET http://localhost:8236/src/weird-terrain.js → 200 (?ms, 19400B)
[2026-06-20T07:11:12.665Z] GET http://localhost:8236/src/modes/desert-golfing.js → 200 (?ms, 38773B)
[2026-06-20T07:11:12.665Z] GET http://localhost:8236/src/art.js → 200 (?ms, 9472B)
[2026-06-20T07:11:12.665Z] GET http://localhost:8236/src/gameplay.js → 200 (?ms, 11767B)
[2026-06-20T07:11:12.665Z] GET http://localhost:8236/src/roguelike/save.js → 200 (?ms, 8310B)
[2026-06-20T07:11:12.665Z] GET http://localhost:8236/src/roguelike/modifiers.js → 200 (?ms, 3846B)
[2026-06-20T07:11:12.665Z] GET http://localhost:8236/src/roguelike/run.js → 200 (?ms, 145016B)
[2026-06-20T07:11:12.665Z] GET http://localhost:8236/src/roguelike/secrets.js → 200 (?ms, 15517B)
[2026-06-20T07:11:12.665Z] GET http://localhost:8236/src/roguelike/economy.js → 200 (?ms, 27713B)
[2026-06-20T07:11:12.665Z] GET http://localhost:8236/src/roguelike/ship.js → 200 (?ms, 9111B)
[2026-06-20T07:11:12.665Z] GET http://localhost:8236/src/roguelike/shop.js → 200 (?ms, 5435B)
[2026-06-20T07:11:12.665Z] GET http://localhost:8236/src/roguelike/wrap.js → 200 (?ms, 39053B)
[2026-06-20T07:11:12.665Z] GET http://localhost:8236/src/roguelike/audio.js → 200 (?ms, 13548B)
[2026-06-20T07:11:12.665Z] GET http://localhost:8236/src/roguelike/fx.js → 200 (1ms, 12243B)
[2026-06-20T07:11:12.666Z] GET http://localhost:8236/src/roguelike/juice.js → 200 (?ms, 15097B)
[2026-06-20T07:11:12.666Z] GET http://localhost:8236/src/roguelike/ambient.js → 200 (?ms, 22294B)
[2026-06-20T07:11:12.666Z] GET http://localhost:8236/src/roguelike/onboard.js → 200 (1ms, 22150B)
[2026-06-20T07:11:12.667Z] GET http://localhost:8236/src/roguelike/travel.js → 200 (?ms, 16267B)
[2026-06-20T07:11:12.667Z] GET http://localhost:8236/src/roguelike/event.js → 200 (?ms, 21531B)
[2026-06-20T07:11:12.667Z] GET http://localhost:8236/src/roguelike/terrain.js → 200 (?ms, 9525B)
[2026-06-20T07:11:12.667Z] GET http://localhost:8236/src/roguelike/lab.js → 200 (?ms, 13017B)
[2026-06-20T07:11:12.667Z] GET http://localhost:8236/src/roguelike/feel.js → 200 (?ms, 7035B)
[2026-06-20T07:11:12.667Z] GET http://localhost:8236/src/roguelike/playtest-bot.js → 200 (?ms, 11343B)
[2026-06-20T07:11:12.667Z] GET http://localhost:8236/src/roguelike/perf-hud.js → 200 (?ms, 4589B)
[2026-06-20T07:11:12.667Z] GET http://localhost:8236/src/roguelike/seqtest.js → 200 (?ms, 3979B)
[2026-06-20T07:11:12.667Z] GET http://localhost:8236/src/roguelike/testjump.js → 200 (?ms, 10254B)
[2026-06-20T07:11:12.667Z] GET http://localhost:8236/src/roguelike/galaxy.js → 200 (?ms, 14134B)
[2026-06-20T07:11:12.667Z] GET http://localhost:8236/src/roguelike/atlas-homesystem.js → 200 (?ms, 6841B)
[2026-06-20T07:11:12.667Z] GET http://localhost:8236/src/roguelike/atlas-fields.js → 200 (?ms, 6953B)
[2026-06-20T07:11:12.667Z] GET http://localhost:8236/src/roguelike/atlas-fields2.js → 200 (?ms, 10279B)
[2026-06-20T07:11:12.667Z] GET http://localhost:8236/src/roguelike/atlas-creatures.js → 200 (?ms, 8512B)
[2026-06-20T07:11:12.667Z] GET http://localhost:8236/src/roguelike/atlas-relics.js → 200 (?ms, 4544B)
[2026-06-20T07:11:12.667Z] GET http://localhost:8236/src/roguelike/atlas-portals.js → 200 (?ms, 4271B)
[2026-06-20T07:11:12.667Z] GET http://localhost:8236/src/roguelike/atlas-onlyup.js → 200 (?ms, 3438B)
[2026-06-20T07:11:12.667Z] GET http://localhost:8236/src/roguelike/atlas-climb.js → 200 (1ms, 7240B)
[2026-06-20T07:11:12.668Z] GET http://localhost:8236/src/roguelike/atlas-blocks.js → 200 (?ms, 12012B)
[2026-06-20T07:11:12.668Z] GET http://localhost:8236/src/roguelike/atlas-objects.js → 200 (?ms, 6272B)
[2026-06-20T07:11:12.668Z] GET http://localhost:8236/src/roguelike/atlas-setpieces.js → 200 (?ms, 7016B)
[2026-06-20T07:11:12.668Z] GET http://localhost:8236/src/main.js → 200 (?ms, 9711B)
[2026-06-20T07:11:12.673Z] GET http://localhost:8236/assets/lunar_lander.png → 200 (?ms, 1570368B)
[2026-06-20T07:11:12.673Z] GET http://localhost:8236/assets/plants/cactus_1.png → 200 (?ms, 79050B)
[2026-06-20T07:11:12.673Z] GET http://localhost:8236/assets/plants/cactus_2.png → 200 (?ms, 73306B)
[2026-06-20T07:11:12.673Z] GET http://localhost:8236/assets/plants/agave_small.png → 200 (?ms, 112228B)
[2026-06-20T07:11:12.673Z] GET http://localhost:8236/assets/plants/barrel_cactus_flowering.png → 200 (?ms, 136999B)
[2026-06-20T07:11:12.673Z] GET http://localhost:8236/assets/plants/prickly_pear_cactus.png → 200 (?ms, 176683B)
[2026-06-20T07:11:12.673Z] GET http://localhost:8236/assets/plants/desert_scrub_brush.png → 200 (?ms, 168722B)
[2026-06-20T07:11:12.673Z] GET http://localhost:8236/assets/plants/alien_eye_plant_small.png → 200 (?ms, 89120B)
[2026-06-20T07:11:12.673Z] GET http://localhost:8236/assets/plants/purple_alien_eye_plant.png → 200 (?ms, 188586B)
[2026-06-20T07:11:15.592Z] GET http://localhost:8236/run.html?course=p2 → 200 (1ms, 9363B)
[2026-06-20T07:11:15.598Z] GET http://localhost:8236/assets/fonts/DepartureMono-Regular.woff2 → 200 (?ms, ?B)
[2026-06-20T07:11:15.598Z] GET http://localhost:8236/src/shared.js → 200 (1ms, 10157B)
[2026-06-20T07:11:15.600Z] GET http://localhost:8236/src/worlds/run.js → 200 (?ms, 7990B)
[2026-06-20T07:11:15.600Z] GET http://localhost:8236/src/planet-gen.js → 304 (5ms, ?B)
[2026-06-20T07:11:15.600Z] GET http://localhost:8236/src/level-design.js → 200 (?ms, 55884B)
[2026-06-20T07:11:15.600Z] GET http://localhost:8236/src/moon-terrain.js → 200 (?ms, 7939B)
[2026-06-20T07:11:15.600Z] GET http://localhost:8236/src/weird-terrain.js → 200 (?ms, 19400B)
[2026-06-20T07:11:15.600Z] GET http://localhost:8236/src/modes/desert-golfing.js → 200 (?ms, 38773B)
[2026-06-20T07:11:15.600Z] GET http://localhost:8236/src/art.js → 200 (?ms, 9472B)
[2026-06-20T07:11:15.600Z] GET http://localhost:8236/src/gameplay.js → 200 (?ms, 11767B)
[2026-06-20T07:11:15.600Z] GET http://localhost:8236/src/roguelike/save.js → 200 (?ms, 8310B)
[2026-06-20T07:11:15.600Z] GET http://localhost:8236/src/roguelike/modifiers.js → 200 (?ms, 3846B)
[2026-06-20T07:11:15.601Z] GET http://localhost:8236/src/roguelike/run.js → 200 (?ms, 145016B)
[2026-06-20T07:11:15.601Z] GET http://localhost:8236/src/roguelike/secrets.js → 200 (?ms, 15517B)
[2026-06-20T07:11:15.601Z] GET http://localhost:8236/src/roguelike/economy.js → 200 (?ms, 27713B)
[2026-06-20T07:11:15.601Z] GET http://localhost:8236/src/roguelike/ship.js → 200 (?ms, 9111B)
[2026-06-20T07:11:15.601Z] GET http://localhost:8236/src/roguelike/shop.js → 200 (?ms, 5435B)
[2026-06-20T07:11:15.601Z] GET http://localhost:8236/src/roguelike/wrap.js → 200 (?ms, 39053B)
[2026-06-20T07:11:15.601Z] GET http://localhost:8236/src/roguelike/audio.js → 200 (?ms, 13548B)
[2026-06-20T07:11:15.601Z] GET http://localhost:8236/src/roguelike/fx.js → 200 (?ms, 12243B)
[2026-06-20T07:11:15.601Z] GET http://localhost:8236/src/roguelike/juice.js → 200 (?ms, 15097B)
[2026-06-20T07:11:15.601Z] GET http://localhost:8236/src/roguelike/ambient.js → 200 (?ms, 22294B)
[2026-06-20T07:11:15.602Z] GET http://localhost:8236/src/roguelike/onboard.js → 200 (?ms, 22150B)
[2026-06-20T07:11:15.603Z] GET http://localhost:8236/src/roguelike/travel.js → 200 (?ms, 16267B)
[2026-06-20T07:11:15.603Z] GET http://localhost:8236/src/roguelike/event.js → 200 (?ms, 21531B)
[2026-06-20T07:11:15.603Z] GET http://localhost:8236/src/roguelike/terrain.js → 200 (?ms, 9525B)
[2026-06-20T07:11:15.603Z] GET http://localhost:8236/src/roguelike/lab.js → 200 (?ms, 13017B)
[2026-06-20T07:11:15.603Z] GET http://localhost:8236/src/roguelike/feel.js → 200 (?ms, 7035B)
[2026-06-20T07:11:15.603Z] GET http://localhost:8236/src/roguelike/playtest-bot.js → 200 (?ms, 11343B)
[2026-06-20T07:11:15.603Z] GET http://localhost:8236/src/roguelike/perf-hud.js → 200 (?ms, 4589B)
[2026-06-20T07:11:15.603Z] GET http://localhost:8236/src/roguelike/seqtest.js → 200 (?ms, 3979B)
[2026-06-20T07:11:15.603Z] GET http://localhost:8236/src/roguelike/testjump.js → 200 (?ms, 10254B)
[2026-06-20T07:11:15.603Z] GET http://localhost:8236/src/roguelike/galaxy.js → 200 (?ms, 14134B)
[2026-06-20T07:11:15.603Z] GET http://localhost:8236/src/roguelike/atlas-homesystem.js → 200 (?ms, 6841B)
[2026-06-20T07:11:15.603Z] GET http://localhost:8236/src/roguelike/atlas-fields.js → 200 (?ms, 6953B)
[2026-06-20T07:11:15.603Z] GET http://localhost:8236/src/roguelike/atlas-fields2.js → 200 (?ms, 10279B)
[2026-06-20T07:11:15.603Z] GET http://localhost:8236/src/roguelike/atlas-creatures.js → 200 (?ms, 8512B)
[2026-06-20T07:11:15.603Z] GET http://localhost:8236/src/roguelike/atlas-relics.js → 200 (?ms, 4544B)
[2026-06-20T07:11:15.603Z] GET http://localhost:8236/src/roguelike/atlas-portals.js → 200 (?ms, 4271B)
[2026-06-20T07:11:15.603Z] GET http://localhost:8236/src/roguelike/atlas-onlyup.js → 200 (?ms, 3438B)
[2026-06-20T07:11:15.603Z] GET http://localhost:8236/src/roguelike/atlas-climb.js → 200 (?ms, 7240B)
[2026-06-20T07:11:15.603Z] GET http://localhost:8236/src/roguelike/atlas-blocks.js → 200 (?ms, 12012B)
[2026-06-20T07:11:15.603Z] GET http://localhost:8236/src/roguelike/atlas-objects.js → 200 (?ms, 6272B)
[2026-06-20T07:11:15.603Z] GET http://localhost:8236/src/roguelike/atlas-setpieces.js → 200 (?ms, 7016B)
[2026-06-20T07:11:15.603Z] GET http://localhost:8236/src/main.js → 200 (2ms, 9711B)
[2026-06-20T07:11:15.605Z] GET http://localhost:8236/assets/lunar_lander.png → 200 (?ms, 1570368B)
[2026-06-20T07:11:15.605Z] GET http://localhost:8236/assets/plants/cactus_1.png → 200 (?ms, 79050B)
[2026-06-20T07:11:15.605Z] GET http://localhost:8236/assets/plants/cactus_2.png → 200 (?ms, 73306B)
[2026-06-20T07:11:15.605Z] GET http://localhost:8236/assets/plants/agave_small.png → 200 (?ms, 112228B)
[2026-06-20T07:11:15.605Z] GET http://localhost:8236/assets/plants/barrel_cactus_flowering.png → 200 (?ms, 136999B)
[2026-06-20T07:11:15.605Z] GET http://localhost:8236/assets/plants/prickly_pear_cactus.png → 200 (?ms, 176683B)
[2026-06-20T07:11:15.605Z] GET http://localhost:8236/assets/plants/desert_scrub_brush.png → 200 (?ms, 168722B)
[2026-06-20T07:11:15.605Z] GET http://localhost:8236/assets/plants/alien_eye_plant_small.png → 200 (?ms, 89120B)
[2026-06-20T07:11:15.605Z] GET http://localhost:8236/assets/plants/purple_alien_eye_plant.png → 200 (?ms, 188586B)
[2026-06-20T07:11:18.509Z] GET http://localhost:8236/run.html?course=p3 → 200 (2ms, 9363B)
[2026-06-20T07:11:18.516Z] GET http://localhost:8236/assets/fonts/DepartureMono-Regular.woff2 → 200 (?ms, ?B)
[2026-06-20T07:11:18.516Z] GET http://localhost:8236/src/shared.js → 200 (1ms, 10157B)
[2026-06-20T07:11:18.517Z] GET http://localhost:8236/src/worlds/run.js → 200 (?ms, 7990B)
[2026-06-20T07:11:18.517Z] GET http://localhost:8236/src/planet-gen.js → 200 (?ms, 4046B)
[2026-06-20T07:11:18.517Z] GET http://localhost:8236/src/level-design.js → 200 (?ms, 55884B)
[2026-06-20T07:11:18.517Z] GET http://localhost:8236/src/moon-terrain.js → 200 (?ms, 7939B)
[2026-06-20T07:11:18.517Z] GET http://localhost:8236/src/weird-terrain.js → 200 (?ms, 19400B)
[2026-06-20T07:11:18.517Z] GET http://localhost:8236/src/modes/desert-golfing.js → 200 (?ms, 38773B)
[2026-06-20T07:11:18.518Z] GET http://localhost:8236/src/art.js → 200 (?ms, 9472B)
[2026-06-20T07:11:18.518Z] GET http://localhost:8236/src/gameplay.js → 200 (?ms, 11767B)
[2026-06-20T07:11:18.518Z] GET http://localhost:8236/src/roguelike/save.js → 200 (?ms, 8310B)
[2026-06-20T07:11:18.518Z] GET http://localhost:8236/src/roguelike/modifiers.js → 200 (?ms, 3846B)
[2026-06-20T07:11:18.518Z] GET http://localhost:8236/src/roguelike/run.js → 200 (?ms, 145016B)
[2026-06-20T07:11:18.518Z] GET http://localhost:8236/src/roguelike/secrets.js → 200 (?ms, 15517B)
[2026-06-20T07:11:18.518Z] GET http://localhost:8236/src/roguelike/economy.js → 200 (?ms, 27713B)
[2026-06-20T07:11:18.518Z] GET http://localhost:8236/src/roguelike/ship.js → 200 (?ms, 9111B)
[2026-06-20T07:11:18.518Z] GET http://localhost:8236/src/roguelike/shop.js → 200 (?ms, 5435B)
[2026-06-20T07:11:18.519Z] GET http://localhost:8236/src/roguelike/wrap.js → 200 (?ms, 39053B)
[2026-06-20T07:11:18.519Z] GET http://localhost:8236/src/roguelike/audio.js → 200 (?ms, 13548B)
[2026-06-20T07:11:18.519Z] GET http://localhost:8236/src/roguelike/fx.js → 200 (?ms, 12243B)
[2026-06-20T07:11:18.519Z] GET http://localhost:8236/src/roguelike/juice.js → 200 (?ms, 15097B)
[2026-06-20T07:11:18.519Z] GET http://localhost:8236/src/roguelike/ambient.js → 200 (?ms, 22294B)
[2026-06-20T07:11:18.519Z] GET http://localhost:8236/src/roguelike/onboard.js → 200 (?ms, 22150B)
[2026-06-20T07:11:18.519Z] GET http://localhost:8236/src/roguelike/travel.js → 200 (?ms, 16267B)
[2026-06-20T07:11:18.519Z] GET http://localhost:8236/src/roguelike/event.js → 200 (?ms, 21531B)
[2026-06-20T07:11:18.519Z] GET http://localhost:8236/src/roguelike/terrain.js → 200 (?ms, 9525B)
[2026-06-20T07:11:18.519Z] GET http://localhost:8236/src/roguelike/lab.js → 200 (?ms, 13017B)
[2026-06-20T07:11:18.519Z] GET http://localhost:8236/src/roguelike/feel.js → 200 (?ms, 7035B)
[2026-06-20T07:11:18.519Z] GET http://localhost:8236/src/roguelike/playtest-bot.js → 200 (?ms, 11343B)
[2026-06-20T07:11:18.519Z] GET http://localhost:8236/src/roguelike/perf-hud.js → 200 (?ms, 4589B)
[2026-06-20T07:11:18.519Z] GET http://localhost:8236/src/roguelike/seqtest.js → 200 (?ms, 3979B)
[2026-06-20T07:11:18.519Z] GET http://localhost:8236/src/roguelike/testjump.js → 200 (?ms, 10254B)
[2026-06-20T07:11:18.519Z] GET http://localhost:8236/src/roguelike/galaxy.js → 200 (?ms, 14134B)
[2026-06-20T07:11:18.519Z] GET http://localhost:8236/src/roguelike/atlas-homesystem.js → 200 (?ms, 6841B)
[2026-06-20T07:11:18.519Z] GET http://localhost:8236/src/roguelike/atlas-fields.js → 200 (?ms, 6953B)
[2026-06-20T07:11:18.519Z] GET http://localhost:8236/src/roguelike/atlas-fields2.js → 200 (?ms, 10279B)
[2026-06-20T07:11:18.519Z] GET http://localhost:8236/src/roguelike/atlas-creatures.js → 200 (?ms, 8512B)
[2026-06-20T07:11:18.519Z] GET http://localhost:8236/src/roguelike/atlas-relics.js → 200 (?ms, 4544B)
[2026-06-20T07:11:18.520Z] GET http://localhost:8236/src/roguelike/atlas-portals.js → 200 (?ms, 4271B)
[2026-06-20T07:11:18.520Z] GET http://localhost:8236/src/roguelike/atlas-onlyup.js → 200 (?ms, 3438B)
[2026-06-20T07:11:18.520Z] GET http://localhost:8236/src/roguelike/atlas-climb.js → 200 (?ms, 7240B)
[2026-06-20T07:11:18.520Z] GET http://localhost:8236/src/roguelike/atlas-blocks.js → 200 (?ms, 12012B)
[2026-06-20T07:11:18.521Z] GET http://localhost:8236/src/roguelike/atlas-objects.js → 200 (?ms, 6272B)
[2026-06-20T07:11:18.521Z] GET http://localhost:8236/src/roguelike/atlas-setpieces.js → 200 (?ms, 7016B)
[2026-06-20T07:11:18.521Z] GET http://localhost:8236/src/main.js → 200 (?ms, 9711B)
[2026-06-20T07:11:18.523Z] GET http://localhost:8236/assets/lunar_lander.png → 200 (?ms, 1570368B)
[2026-06-20T07:11:18.523Z] GET http://localhost:8236/assets/plants/cactus_1.png → 200 (?ms, 79050B)
[2026-06-20T07:11:18.523Z] GET http://localhost:8236/assets/plants/cactus_2.png → 200 (?ms, 73306B)
[2026-06-20T07:11:18.523Z] GET http://localhost:8236/assets/plants/agave_small.png → 200 (?ms, 112228B)
[2026-06-20T07:11:18.523Z] GET http://localhost:8236/assets/plants/barrel_cactus_flowering.png → 200 (?ms, 136999B)
[2026-06-20T07:11:18.523Z] GET http://localhost:8236/assets/plants/prickly_pear_cactus.png → 200 (?ms, 176683B)
[2026-06-20T07:11:18.523Z] GET http://localhost:8236/assets/plants/desert_scrub_brush.png → 200 (?ms, 168722B)
[2026-06-20T07:11:18.523Z] GET http://localhost:8236/assets/plants/alien_eye_plant_small.png → 200 (?ms, 89120B)
[2026-06-20T07:11:18.523Z] GET http://localhost:8236/assets/plants/purple_alien_eye_plant.png → 200 (?ms, 188586B)
[2026-06-20T07:11:21.467Z] GET http://localhost:8236/run.html?course=p4 → 200 (?ms, 9363B)
[2026-06-20T07:11:21.472Z] GET http://localhost:8236/assets/fonts/DepartureMono-Regular.woff2 → 200 (?ms, ?B)
[2026-06-20T07:11:21.473Z] GET http://localhost:8236/src/shared.js → 200 (?ms, 10157B)
[2026-06-20T07:11:21.473Z] GET http://localhost:8236/src/worlds/run.js → 200 (?ms, 7990B)
[2026-06-20T07:11:21.473Z] GET http://localhost:8236/src/planet-gen.js → 200 (?ms, 4046B)
[2026-06-20T07:11:21.473Z] GET http://localhost:8236/src/level-design.js → 200 (?ms, 55884B)
[2026-06-20T07:11:21.473Z] GET http://localhost:8236/src/moon-terrain.js → 200 (?ms, 7939B)
[2026-06-20T07:11:21.473Z] GET http://localhost:8236/src/weird-terrain.js → 200 (?ms, 19400B)
[2026-06-20T07:11:21.473Z] GET http://localhost:8236/src/modes/desert-golfing.js → 200 (?ms, 38773B)
[2026-06-20T07:11:21.473Z] GET http://localhost:8236/src/art.js → 200 (?ms, 9472B)
[2026-06-20T07:11:21.473Z] GET http://localhost:8236/src/gameplay.js → 200 (?ms, 11767B)
[2026-06-20T07:11:21.473Z] GET http://localhost:8236/src/roguelike/save.js → 200 (?ms, 8310B)
[2026-06-20T07:11:21.473Z] GET http://localhost:8236/src/roguelike/modifiers.js → 200 (2ms, 3846B)
[2026-06-20T07:11:21.475Z] GET http://localhost:8236/src/roguelike/run.js → 200 (?ms, 145016B)
[2026-06-20T07:11:21.475Z] GET http://localhost:8236/src/roguelike/secrets.js → 200 (?ms, 15517B)
[2026-06-20T07:11:21.475Z] GET http://localhost:8236/src/roguelike/economy.js → 200 (?ms, 27713B)
[2026-06-20T07:11:21.475Z] GET http://localhost:8236/src/roguelike/ship.js → 200 (?ms, 9111B)
[2026-06-20T07:11:21.475Z] GET http://localhost:8236/src/roguelike/shop.js → 200 (?ms, 5435B)
[2026-06-20T07:11:21.475Z] GET http://localhost:8236/src/roguelike/wrap.js → 200 (?ms, 39053B)
[2026-06-20T07:11:21.475Z] GET http://localhost:8236/src/roguelike/audio.js → 200 (?ms, 13548B)
[2026-06-20T07:11:21.475Z] GET http://localhost:8236/src/roguelike/fx.js → 200 (?ms, 12243B)
[2026-06-20T07:11:21.475Z] GET http://localhost:8236/src/roguelike/juice.js → 200 (?ms, 15097B)
[2026-06-20T07:11:21.475Z] GET http://localhost:8236/src/roguelike/ambient.js → 200 (?ms, 22294B)
[2026-06-20T07:11:21.475Z] GET http://localhost:8236/src/roguelike/onboard.js → 200 (?ms, 22150B)
[2026-06-20T07:11:21.475Z] GET http://localhost:8236/src/roguelike/travel.js → 200 (?ms, 16267B)
[2026-06-20T07:11:21.475Z] GET http://localhost:8236/src/roguelike/event.js → 200 (?ms, 21531B)
[2026-06-20T07:11:21.475Z] GET http://localhost:8236/src/roguelike/terrain.js → 200 (?ms, 9525B)
[2026-06-20T07:11:21.475Z] GET http://localhost:8236/src/roguelike/lab.js → 200 (1ms, 13017B)
[2026-06-20T07:11:21.476Z] GET http://localhost:8236/src/roguelike/feel.js → 200 (?ms, 7035B)
[2026-06-20T07:11:21.476Z] GET http://localhost:8236/src/roguelike/playtest-bot.js → 200 (?ms, 11343B)
[2026-06-20T07:11:21.476Z] GET http://localhost:8236/src/roguelike/perf-hud.js → 200 (?ms, 4589B)
[2026-06-20T07:11:21.476Z] GET http://localhost:8236/src/roguelike/seqtest.js → 200 (?ms, 3979B)
[2026-06-20T07:11:21.476Z] GET http://localhost:8236/src/roguelike/testjump.js → 200 (?ms, 10254B)
[2026-06-20T07:11:21.476Z] GET http://localhost:8236/src/roguelike/galaxy.js → 200 (?ms, 14134B)
[2026-06-20T07:11:21.476Z] GET http://localhost:8236/src/roguelike/atlas-homesystem.js → 200 (?ms, 6841B)
[2026-06-20T07:11:21.477Z] GET http://localhost:8236/src/roguelike/atlas-fields.js → 200 (?ms, 6953B)
[2026-06-20T07:11:21.477Z] GET http://localhost:8236/src/roguelike/atlas-fields2.js → 200 (?ms, 10279B)
[2026-06-20T07:11:21.477Z] GET http://localhost:8236/src/roguelike/atlas-creatures.js → 200 (?ms, 8512B)
[2026-06-20T07:11:21.477Z] GET http://localhost:8236/src/roguelike/atlas-relics.js → 200 (?ms, 4544B)
[2026-06-20T07:11:21.477Z] GET http://localhost:8236/src/roguelike/atlas-portals.js → 200 (?ms, 4271B)
[2026-06-20T07:11:21.477Z] GET http://localhost:8236/src/roguelike/atlas-onlyup.js → 200 (?ms, 3438B)
[2026-06-20T07:11:21.477Z] GET http://localhost:8236/src/roguelike/atlas-climb.js → 200 (?ms, 7240B)
[2026-06-20T07:11:21.477Z] GET http://localhost:8236/src/roguelike/atlas-blocks.js → 200 (?ms, 12012B)
[2026-06-20T07:11:21.477Z] GET http://localhost:8236/src/roguelike/atlas-objects.js → 200 (?ms, 6272B)
[2026-06-20T07:11:21.477Z] GET http://localhost:8236/src/roguelike/atlas-setpieces.js → 200 (?ms, 7016B)
[2026-06-20T07:11:21.477Z] GET http://localhost:8236/src/main.js → 200 (?ms, 9711B)
[2026-06-20T07:11:21.479Z] GET http://localhost:8236/assets/lunar_lander.png → 200 (?ms, 1570368B)
[2026-06-20T07:11:21.479Z] GET http://localhost:8236/assets/plants/cactus_1.png → 200 (?ms, 79050B)
[2026-06-20T07:11:21.479Z] GET http://localhost:8236/assets/plants/cactus_2.png → 200 (?ms, 73306B)
[2026-06-20T07:11:21.479Z] GET http://localhost:8236/assets/plants/agave_small.png → 200 (?ms, 112228B)
[2026-06-20T07:11:21.479Z] GET http://localhost:8236/assets/plants/barrel_cactus_flowering.png → 200 (?ms, 136999B)
[2026-06-20T07:11:21.479Z] GET http://localhost:8236/assets/plants/prickly_pear_cactus.png → 200 (?ms, 176683B)
[2026-06-20T07:11:21.480Z] GET http://localhost:8236/assets/plants/desert_scrub_brush.png → 200 (?ms, 168722B)
[2026-06-20T07:11:21.480Z] GET http://localhost:8236/assets/plants/alien_eye_plant_small.png → 200 (?ms, 89120B)
[2026-06-20T07:11:21.480Z] GET http://localhost:8236/assets/plants/purple_alien_eye_plant.png → 200 (?ms, 188586B)
[2026-06-20T07:11:24.443Z] GET http://localhost:8236/run.html?course=p5 → 200 (1ms, 9363B)
[2026-06-20T07:11:24.450Z] GET http://localhost:8236/assets/fonts/DepartureMono-Regular.woff2 → 200 (?ms, ?B)
[2026-06-20T07:11:24.450Z] GET http://localhost:8236/src/shared.js → 200 (?ms, 10157B)
[2026-06-20T07:11:24.451Z] GET http://localhost:8236/src/worlds/run.js → 200 (?ms, 7990B)
[2026-06-20T07:11:24.451Z] GET http://localhost:8236/src/planet-gen.js → 304 (5ms, ?B)
[2026-06-20T07:11:24.451Z] GET http://localhost:8236/src/level-design.js → 200 (?ms, 55884B)
[2026-06-20T07:11:24.451Z] GET http://localhost:8236/src/moon-terrain.js → 200 (?ms, 7939B)
[2026-06-20T07:11:24.451Z] GET http://localhost:8236/src/weird-terrain.js → 200 (?ms, 19400B)
[2026-06-20T07:11:24.451Z] GET http://localhost:8236/src/modes/desert-golfing.js → 200 (?ms, 38773B)
[2026-06-20T07:11:24.451Z] GET http://localhost:8236/src/art.js → 200 (?ms, 9472B)
[2026-06-20T07:11:24.451Z] GET http://localhost:8236/src/gameplay.js → 200 (?ms, 11767B)
[2026-06-20T07:11:24.451Z] GET http://localhost:8236/src/roguelike/save.js → 200 (?ms, 8310B)
[2026-06-20T07:11:24.451Z] GET http://localhost:8236/src/roguelike/modifiers.js → 200 (?ms, 3846B)
[2026-06-20T07:11:24.452Z] GET http://localhost:8236/src/roguelike/run.js → 200 (?ms, 145016B)
[2026-06-20T07:11:24.452Z] GET http://localhost:8236/src/roguelike/secrets.js → 200 (?ms, 15517B)
[2026-06-20T07:11:24.452Z] GET http://localhost:8236/src/roguelike/economy.js → 200 (?ms, 27713B)
[2026-06-20T07:11:24.452Z] GET http://localhost:8236/src/roguelike/ship.js → 200 (?ms, 9111B)
[2026-06-20T07:11:24.452Z] GET http://localhost:8236/src/roguelike/shop.js → 200 (1ms, 5435B)
[2026-06-20T07:11:24.453Z] GET http://localhost:8236/src/roguelike/wrap.js → 200 (?ms, 39053B)
[2026-06-20T07:11:24.453Z] GET http://localhost:8236/src/roguelike/audio.js → 200 (?ms, 13548B)
[2026-06-20T07:11:24.453Z] GET http://localhost:8236/src/roguelike/fx.js → 200 (?ms, 12243B)
[2026-06-20T07:11:24.453Z] GET http://localhost:8236/src/roguelike/juice.js → 200 (?ms, 15097B)
[2026-06-20T07:11:24.453Z] GET http://localhost:8236/src/roguelike/ambient.js → 200 (?ms, 22294B)
[2026-06-20T07:11:24.453Z] GET http://localhost:8236/src/roguelike/onboard.js → 200 (?ms, 22150B)
[2026-06-20T07:11:24.453Z] GET http://localhost:8236/src/roguelike/travel.js → 200 (?ms, 16267B)
[2026-06-20T07:11:24.453Z] GET http://localhost:8236/src/roguelike/event.js → 200 (?ms, 21531B)
[2026-06-20T07:11:24.454Z] GET http://localhost:8236/src/roguelike/terrain.js → 200 (?ms, 9525B)
[2026-06-20T07:11:24.454Z] GET http://localhost:8236/src/roguelike/lab.js → 200 (?ms, 13017B)
[2026-06-20T07:11:24.454Z] GET http://localhost:8236/src/roguelike/feel.js → 200 (?ms, 7035B)
[2026-06-20T07:11:24.454Z] GET http://localhost:8236/src/roguelike/playtest-bot.js → 200 (?ms, 11343B)
[2026-06-20T07:11:24.454Z] GET http://localhost:8236/src/roguelike/perf-hud.js → 200 (?ms, 4589B)
[2026-06-20T07:11:24.454Z] GET http://localhost:8236/src/roguelike/seqtest.js → 200 (?ms, 3979B)
[2026-06-20T07:11:24.454Z] GET http://localhost:8236/src/roguelike/testjump.js → 200 (?ms, 10254B)
[2026-06-20T07:11:24.454Z] GET http://localhost:8236/src/roguelike/galaxy.js → 200 (?ms, 14134B)
[2026-06-20T07:11:24.454Z] GET http://localhost:8236/src/roguelike/atlas-homesystem.js → 200 (?ms, 6841B)
[2026-06-20T07:11:24.454Z] GET http://localhost:8236/src/roguelike/atlas-fields.js → 200 (?ms, 6953B)
[2026-06-20T07:11:24.454Z] GET http://localhost:8236/src/roguelike/atlas-fields2.js → 200 (?ms, 10279B)
[2026-06-20T07:11:24.454Z] GET http://localhost:8236/src/roguelike/atlas-creatures.js → 200 (?ms, 8512B)
[2026-06-20T07:11:24.454Z] GET http://localhost:8236/src/roguelike/atlas-relics.js → 200 (?ms, 4544B)
[2026-06-20T07:11:24.455Z] GET http://localhost:8236/src/roguelike/atlas-portals.js → 200 (?ms, 4271B)
[2026-06-20T07:11:24.455Z] GET http://localhost:8236/src/roguelike/atlas-onlyup.js → 200 (?ms, 3438B)
[2026-06-20T07:11:24.455Z] GET http://localhost:8236/src/roguelike/atlas-climb.js → 200 (?ms, 7240B)
[2026-06-20T07:11:24.455Z] GET http://localhost:8236/src/roguelike/atlas-blocks.js → 200 (?ms, 12012B)
[2026-06-20T07:11:24.455Z] GET http://localhost:8236/src/roguelike/atlas-objects.js → 200 (?ms, 6272B)
[2026-06-20T07:11:24.456Z] GET http://localhost:8236/src/roguelike/atlas-setpieces.js → 200 (?ms, 7016B)
[2026-06-20T07:11:24.456Z] GET http://localhost:8236/src/main.js → 200 (?ms, 9711B)
[2026-06-20T07:11:24.456Z] GET http://localhost:8236/assets/lunar_lander.png → 200 (?ms, 1570368B)
[2026-06-20T07:11:24.456Z] GET http://localhost:8236/assets/plants/cactus_1.png → 200 (?ms, 79050B)
[2026-06-20T07:11:24.456Z] GET http://localhost:8236/assets/plants/cactus_2.png → 200 (?ms, 73306B)
[2026-06-20T07:11:24.456Z] GET http://localhost:8236/assets/plants/agave_small.png → 200 (?ms, 112228B)
[2026-06-20T07:11:24.456Z] GET http://localhost:8236/assets/plants/barrel_cactus_flowering.png → 200 (?ms, 136999B)
[2026-06-20T07:11:24.456Z] GET http://localhost:8236/assets/plants/prickly_pear_cactus.png → 200 (?ms, 176683B)
[2026-06-20T07:11:24.456Z] GET http://localhost:8236/assets/plants/desert_scrub_brush.png → 200 (?ms, 168722B)
[2026-06-20T07:11:24.456Z] GET http://localhost:8236/assets/plants/alien_eye_plant_small.png → 200 (?ms, 89120B)
[2026-06-20T07:11:24.456Z] GET http://localhost:8236/assets/plants/purple_alien_eye_plant.png → 200 (?ms, 188586B)
[2026-06-20T07:11:27.397Z] GET http://localhost:8236/run.html?course=p6 → 200 (2ms, 9363B)
[2026-06-20T07:11:27.405Z] GET http://localhost:8236/assets/fonts/DepartureMono-Regular.woff2 → 200 (?ms, ?B)
[2026-06-20T07:11:27.405Z] GET http://localhost:8236/src/shared.js → 200 (?ms, 10157B)
[2026-06-20T07:11:27.405Z] GET http://localhost:8236/src/worlds/run.js → 200 (?ms, 7990B)
[2026-06-20T07:11:27.406Z] GET http://localhost:8236/src/planet-gen.js → 200 (?ms, 4046B)
[2026-06-20T07:11:27.406Z] GET http://localhost:8236/src/level-design.js → 200 (?ms, 55884B)
[2026-06-20T07:11:27.406Z] GET http://localhost:8236/src/moon-terrain.js → 200 (?ms, 7939B)
[2026-06-20T07:11:27.406Z] GET http://localhost:8236/src/weird-terrain.js → 200 (?ms, 19400B)
[2026-06-20T07:11:27.407Z] GET http://localhost:8236/src/modes/desert-golfing.js → 200 (?ms, 38773B)
[2026-06-20T07:11:27.407Z] GET http://localhost:8236/src/art.js → 200 (?ms, 9472B)
[2026-06-20T07:11:27.407Z] GET http://localhost:8236/src/gameplay.js → 200 (?ms, 11767B)
[2026-06-20T07:11:27.407Z] GET http://localhost:8236/src/roguelike/save.js → 200 (?ms, 8310B)
[2026-06-20T07:11:27.407Z] GET http://localhost:8236/src/roguelike/modifiers.js → 200 (?ms, 3846B)
[2026-06-20T07:11:27.407Z] GET http://localhost:8236/src/roguelike/run.js → 200 (?ms, 145016B)
[2026-06-20T07:11:27.407Z] GET http://localhost:8236/src/roguelike/secrets.js → 200 (?ms, 15517B)
[2026-06-20T07:11:27.407Z] GET http://localhost:8236/src/roguelike/economy.js → 200 (?ms, 27713B)
[2026-06-20T07:11:27.407Z] GET http://localhost:8236/src/roguelike/ship.js → 200 (?ms, 9111B)
[2026-06-20T07:11:27.407Z] GET http://localhost:8236/src/roguelike/shop.js → 200 (?ms, 5435B)
[2026-06-20T07:11:27.407Z] GET http://localhost:8236/src/roguelike/wrap.js → 200 (?ms, 39053B)
[2026-06-20T07:11:27.407Z] GET http://localhost:8236/src/roguelike/audio.js → 200 (?ms, 13548B)
[2026-06-20T07:11:27.407Z] GET http://localhost:8236/src/roguelike/fx.js → 200 (?ms, 12243B)
[2026-06-20T07:11:27.407Z] GET http://localhost:8236/src/roguelike/juice.js → 200 (?ms, 15097B)
[2026-06-20T07:11:27.407Z] GET http://localhost:8236/src/roguelike/ambient.js → 200 (?ms, 22294B)
[2026-06-20T07:11:27.407Z] GET http://localhost:8236/src/roguelike/onboard.js → 200 (?ms, 22150B)
[2026-06-20T07:11:27.408Z] GET http://localhost:8236/src/roguelike/travel.js → 200 (?ms, 16267B)
[2026-06-20T07:11:27.408Z] GET http://localhost:8236/src/roguelike/event.js → 200 (?ms, 21531B)
[2026-06-20T07:11:27.409Z] GET http://localhost:8236/src/roguelike/terrain.js → 200 (?ms, 9525B)
[2026-06-20T07:11:27.409Z] GET http://localhost:8236/src/roguelike/lab.js → 200 (?ms, 13017B)
[2026-06-20T07:11:27.409Z] GET http://localhost:8236/src/roguelike/feel.js → 200 (?ms, 7035B)
[2026-06-20T07:11:27.409Z] GET http://localhost:8236/src/roguelike/playtest-bot.js → 200 (?ms, 11343B)
[2026-06-20T07:11:27.409Z] GET http://localhost:8236/src/roguelike/perf-hud.js → 200 (?ms, 4589B)
[2026-06-20T07:11:27.409Z] GET http://localhost:8236/src/roguelike/seqtest.js → 200 (?ms, 3979B)
[2026-06-20T07:11:27.409Z] GET http://localhost:8236/src/roguelike/testjump.js → 200 (?ms, 10254B)
[2026-06-20T07:11:27.409Z] GET http://localhost:8236/src/roguelike/galaxy.js → 200 (?ms, 14134B)
[2026-06-20T07:11:27.409Z] GET http://localhost:8236/src/roguelike/atlas-homesystem.js → 200 (?ms, 6841B)
[2026-06-20T07:11:27.409Z] GET http://localhost:8236/src/roguelike/atlas-fields.js → 200 (?ms, 6953B)
[2026-06-20T07:11:27.409Z] GET http://localhost:8236/src/roguelike/atlas-fields2.js → 200 (?ms, 10279B)
[2026-06-20T07:11:27.409Z] GET http://localhost:8236/src/roguelike/atlas-creatures.js → 200 (?ms, 8512B)
[2026-06-20T07:11:27.409Z] GET http://localhost:8236/src/roguelike/atlas-relics.js → 200 (?ms, 4544B)
[2026-06-20T07:11:27.409Z] GET http://localhost:8236/src/roguelike/atlas-portals.js → 200 (?ms, 4271B)
[2026-06-20T07:11:27.409Z] GET http://localhost:8236/src/roguelike/atlas-onlyup.js → 200 (?ms, 3438B)
[2026-06-20T07:11:27.409Z] GET http://localhost:8236/src/roguelike/atlas-climb.js → 200 (?ms, 7240B)
[2026-06-20T07:11:27.409Z] GET http://localhost:8236/src/roguelike/atlas-blocks.js → 200 (?ms, 12012B)
[2026-06-20T07:11:27.409Z] GET http://localhost:8236/src/roguelike/atlas-objects.js → 200 (?ms, 6272B)
[2026-06-20T07:11:27.409Z] GET http://localhost:8236/src/roguelike/atlas-setpieces.js → 200 (?ms, 7016B)
[2026-06-20T07:11:27.409Z] GET http://localhost:8236/src/main.js → 200 (?ms, 9711B)
[2026-06-20T07:11:27.414Z] GET http://localhost:8236/assets/lunar_lander.png → 200 (?ms, 1570368B)
[2026-06-20T07:11:27.414Z] GET http://localhost:8236/assets/plants/cactus_1.png → 200 (?ms, 79050B)
[2026-06-20T07:11:27.414Z] GET http://localhost:8236/assets/plants/cactus_2.png → 200 (?ms, 73306B)
[2026-06-20T07:11:27.414Z] GET http://localhost:8236/assets/plants/agave_small.png → 200 (1ms, 112228B)
[2026-06-20T07:11:27.415Z] GET http://localhost:8236/assets/plants/barrel_cactus_flowering.png → 200 (?ms, 136999B)
[2026-06-20T07:11:27.415Z] GET http://localhost:8236/assets/plants/prickly_pear_cactus.png → 200 (?ms, 176683B)
[2026-06-20T07:11:27.415Z] GET http://localhost:8236/assets/plants/desert_scrub_brush.png → 200 (?ms, 168722B)
[2026-06-20T07:11:27.415Z] GET http://localhost:8236/assets/plants/alien_eye_plant_small.png → 200 (?ms, 89120B)
[2026-06-20T07:11:27.415Z] GET http://localhost:8236/assets/plants/purple_alien_eye_plant.png → 200 (?ms, 188586B)
[2026-06-20T07:11:30.408Z] GET http://localhost:8236/run.html?course=p7 → 200 (2ms, 9363B)
[2026-06-20T07:11:30.415Z] GET http://localhost:8236/assets/fonts/DepartureMono-Regular.woff2 → 200 (?ms, ?B)
[2026-06-20T07:11:30.416Z] GET http://localhost:8236/src/shared.js → 200 (?ms, 10157B)
[2026-06-20T07:11:30.416Z] GET http://localhost:8236/src/worlds/run.js → 200 (?ms, 7990B)
[2026-06-20T07:11:30.416Z] GET http://localhost:8236/src/planet-gen.js → 200 (?ms, 4046B)
[2026-06-20T07:11:30.416Z] GET http://localhost:8236/src/level-design.js → 200 (?ms, 55884B)
[2026-06-20T07:11:30.416Z] GET http://localhost:8236/src/moon-terrain.js → 200 (?ms, 7939B)
[2026-06-20T07:11:30.416Z] GET http://localhost:8236/src/weird-terrain.js → 200 (?ms, 19400B)
[2026-06-20T07:11:30.416Z] GET http://localhost:8236/src/modes/desert-golfing.js → 200 (?ms, 38773B)
[2026-06-20T07:11:30.416Z] GET http://localhost:8236/src/art.js → 200 (?ms, 9472B)
[2026-06-20T07:11:30.416Z] GET http://localhost:8236/src/gameplay.js → 200 (?ms, 11767B)
[2026-06-20T07:11:30.416Z] GET http://localhost:8236/src/roguelike/save.js → 200 (?ms, 8310B)
[2026-06-20T07:11:30.416Z] GET http://localhost:8236/src/roguelike/modifiers.js → 200 (?ms, 3846B)
[2026-06-20T07:11:30.416Z] GET http://localhost:8236/src/roguelike/run.js → 200 (?ms, 145016B)
[2026-06-20T07:11:30.416Z] GET http://localhost:8236/src/roguelike/secrets.js → 200 (?ms, 15517B)
[2026-06-20T07:11:30.417Z] GET http://localhost:8236/src/roguelike/economy.js → 200 (?ms, 27713B)
[2026-06-20T07:11:30.417Z] GET http://localhost:8236/src/roguelike/ship.js → 200 (?ms, 9111B)
[2026-06-20T07:11:30.417Z] GET http://localhost:8236/src/roguelike/shop.js → 200 (?ms, 5435B)
[2026-06-20T07:11:30.417Z] GET http://localhost:8236/src/roguelike/wrap.js → 200 (?ms, 39053B)
[2026-06-20T07:11:30.417Z] GET http://localhost:8236/src/roguelike/audio.js → 200 (?ms, 13548B)
[2026-06-20T07:11:30.417Z] GET http://localhost:8236/src/roguelike/fx.js → 200 (1ms, 12243B)
[2026-06-20T07:11:30.418Z] GET http://localhost:8236/src/roguelike/juice.js → 200 (?ms, 15097B)
[2026-06-20T07:11:30.418Z] GET http://localhost:8236/src/roguelike/ambient.js → 200 (?ms, 22294B)
[2026-06-20T07:11:30.418Z] GET http://localhost:8236/src/roguelike/onboard.js → 200 (?ms, 22150B)
[2026-06-20T07:11:30.418Z] GET http://localhost:8236/src/roguelike/travel.js → 200 (?ms, 16267B)
[2026-06-20T07:11:30.418Z] GET http://localhost:8236/src/roguelike/event.js → 200 (?ms, 21531B)
[2026-06-20T07:11:30.418Z] GET http://localhost:8236/src/roguelike/terrain.js → 200 (?ms, 9525B)
[2026-06-20T07:11:30.418Z] GET http://localhost:8236/src/roguelike/lab.js → 200 (?ms, 13017B)
[2026-06-20T07:11:30.418Z] GET http://localhost:8236/src/roguelike/feel.js → 200 (?ms, 7035B)
[2026-06-20T07:11:30.418Z] GET http://localhost:8236/src/roguelike/playtest-bot.js → 200 (?ms, 11343B)
[2026-06-20T07:11:30.418Z] GET http://localhost:8236/src/roguelike/perf-hud.js → 200 (?ms, 4589B)
[2026-06-20T07:11:30.418Z] GET http://localhost:8236/src/roguelike/seqtest.js → 200 (?ms, 3979B)
[2026-06-20T07:11:30.418Z] GET http://localhost:8236/src/roguelike/testjump.js → 200 (?ms, 10254B)
[2026-06-20T07:11:30.418Z] GET http://localhost:8236/src/roguelike/galaxy.js → 200 (?ms, 14134B)
[2026-06-20T07:11:30.418Z] GET http://localhost:8236/src/roguelike/atlas-homesystem.js → 200 (?ms, 6841B)
[2026-06-20T07:11:30.418Z] GET http://localhost:8236/src/roguelike/atlas-fields.js → 200 (?ms, 6953B)
[2026-06-20T07:11:30.418Z] GET http://localhost:8236/src/roguelike/atlas-fields2.js → 200 (?ms, 10279B)
[2026-06-20T07:11:30.419Z] GET http://localhost:8236/src/roguelike/atlas-creatures.js → 200 (?ms, 8512B)
[2026-06-20T07:11:30.419Z] GET http://localhost:8236/src/roguelike/atlas-relics.js → 200 (?ms, 4544B)
[2026-06-20T07:11:30.419Z] GET http://localhost:8236/src/roguelike/atlas-portals.js → 200 (?ms, 4271B)
[2026-06-20T07:11:30.419Z] GET http://localhost:8236/src/roguelike/atlas-onlyup.js → 200 (?ms, 3438B)
[2026-06-20T07:11:30.419Z] GET http://localhost:8236/src/roguelike/atlas-climb.js → 200 (?ms, 7240B)
[2026-06-20T07:11:30.420Z] GET http://localhost:8236/src/roguelike/atlas-blocks.js → 200 (?ms, 12012B)
[2026-06-20T07:11:30.420Z] GET http://localhost:8236/src/roguelike/atlas-objects.js → 200 (?ms, 6272B)
[2026-06-20T07:11:30.420Z] GET http://localhost:8236/src/roguelike/atlas-setpieces.js → 200 (?ms, 7016B)
[2026-06-20T07:11:30.420Z] GET http://localhost:8236/src/main.js → 200 (?ms, 9711B)
[2026-06-20T07:11:30.424Z] GET http://localhost:8236/assets/lunar_lander.png → 200 (?ms, 1570368B)
[2026-06-20T07:11:30.425Z] GET http://localhost:8236/assets/plants/cactus_1.png → 200 (?ms, 79050B)
[2026-06-20T07:11:30.425Z] GET http://localhost:8236/assets/plants/cactus_2.png → 200 (?ms, 73306B)
[2026-06-20T07:11:30.425Z] GET http://localhost:8236/assets/plants/agave_small.png → 200 (?ms, 112228B)
[2026-06-20T07:11:30.425Z] GET http://localhost:8236/assets/plants/barrel_cactus_flowering.png → 200 (?ms, 136999B)
[2026-06-20T07:11:30.425Z] GET http://localhost:8236/assets/plants/prickly_pear_cactus.png → 200 (?ms, 176683B)
[2026-06-20T07:11:30.425Z] GET http://localhost:8236/assets/plants/desert_scrub_brush.png → 200 (?ms, 168722B)
[2026-06-20T07:11:30.425Z] GET http://localhost:8236/assets/plants/alien_eye_plant_small.png → 200 (?ms, 89120B)
[2026-06-20T07:11:30.425Z] GET http://localhost:8236/assets/plants/purple_alien_eye_plant.png → 200 (?ms, 188586B)
[2026-06-20T07:11:33.448Z] GET http://localhost:8236/run.html?course=p8 → 200 (3ms, 9363B)
[2026-06-20T07:11:33.455Z] GET http://localhost:8236/assets/fonts/DepartureMono-Regular.woff2 → 200 (?ms, ?B)
[2026-06-20T07:11:33.458Z] GET http://localhost:8236/src/shared.js → 200 (?ms, 10157B)
[2026-06-20T07:11:33.458Z] GET http://localhost:8236/src/worlds/run.js → 200 (?ms, 7990B)
[2026-06-20T07:11:33.458Z] GET http://localhost:8236/src/planet-gen.js → 304 (5ms, ?B)
[2026-06-20T07:11:33.458Z] GET http://localhost:8236/src/level-design.js → 200 (?ms, 55884B)
[2026-06-20T07:11:33.458Z] GET http://localhost:8236/src/moon-terrain.js → 200 (?ms, 7939B)
[2026-06-20T07:11:33.458Z] GET http://localhost:8236/src/weird-terrain.js → 200 (?ms, 19400B)
[2026-06-20T07:11:33.459Z] GET http://localhost:8236/src/modes/desert-golfing.js → 200 (?ms, 38773B)
[2026-06-20T07:11:33.459Z] GET http://localhost:8236/src/art.js → 200 (?ms, 9472B)
[2026-06-20T07:11:33.459Z] GET http://localhost:8236/src/gameplay.js → 200 (?ms, 11767B)
[2026-06-20T07:11:33.459Z] GET http://localhost:8236/src/roguelike/save.js → 200 (?ms, 8310B)
[2026-06-20T07:11:33.459Z] GET http://localhost:8236/src/roguelike/modifiers.js → 200 (?ms, 3846B)
[2026-06-20T07:11:33.459Z] GET http://localhost:8236/src/roguelike/run.js → 200 (1ms, 145016B)
[2026-06-20T07:11:33.460Z] GET http://localhost:8236/src/roguelike/secrets.js → 200 (?ms, 15517B)
[2026-06-20T07:11:33.460Z] GET http://localhost:8236/src/roguelike/economy.js → 200 (?ms, 27713B)
[2026-06-20T07:11:33.460Z] GET http://localhost:8236/src/roguelike/ship.js → 200 (?ms, 9111B)
[2026-06-20T07:11:33.460Z] GET http://localhost:8236/src/roguelike/shop.js → 200 (?ms, 5435B)
[2026-06-20T07:11:33.460Z] GET http://localhost:8236/src/roguelike/wrap.js → 200 (?ms, 39053B)
[2026-06-20T07:11:33.460Z] GET http://localhost:8236/src/roguelike/audio.js → 200 (?ms, 13548B)
[2026-06-20T07:11:33.460Z] GET http://localhost:8236/src/roguelike/fx.js → 200 (?ms, 12243B)
[2026-06-20T07:11:33.460Z] GET http://localhost:8236/src/roguelike/juice.js → 200 (?ms, 15097B)
[2026-06-20T07:11:33.460Z] GET http://localhost:8236/src/roguelike/ambient.js → 200 (?ms, 22294B)
[2026-06-20T07:11:33.460Z] GET http://localhost:8236/src/roguelike/onboard.js → 200 (?ms, 22150B)
[2026-06-20T07:11:33.460Z] GET http://localhost:8236/src/roguelike/travel.js → 200 (1ms, 16267B)
[2026-06-20T07:11:33.461Z] GET http://localhost:8236/src/roguelike/event.js → 200 (?ms, 21531B)
[2026-06-20T07:11:33.461Z] GET http://localhost:8236/src/roguelike/terrain.js → 200 (?ms, 9525B)
[2026-06-20T07:11:33.461Z] GET http://localhost:8236/src/roguelike/lab.js → 200 (?ms, 13017B)
[2026-06-20T07:11:33.461Z] GET http://localhost:8236/src/roguelike/feel.js → 200 (?ms, 7035B)
[2026-06-20T07:11:33.461Z] GET http://localhost:8236/src/roguelike/playtest-bot.js → 200 (?ms, 11343B)
[2026-06-20T07:11:33.461Z] GET http://localhost:8236/src/roguelike/perf-hud.js → 200 (?ms, 4589B)
[2026-06-20T07:11:33.461Z] GET http://localhost:8236/src/roguelike/seqtest.js → 200 (?ms, 3979B)
[2026-06-20T07:11:33.461Z] GET http://localhost:8236/src/roguelike/testjump.js → 200 (?ms, 10254B)
[2026-06-20T07:11:33.461Z] GET http://localhost:8236/src/roguelike/galaxy.js → 200 (?ms, 14134B)
[2026-06-20T07:11:33.461Z] GET http://localhost:8236/src/roguelike/atlas-homesystem.js → 200 (?ms, 6841B)
[2026-06-20T07:11:33.462Z] GET http://localhost:8236/src/roguelike/atlas-fields.js → 200 (?ms, 6953B)
[2026-06-20T07:11:33.462Z] GET http://localhost:8236/src/roguelike/atlas-fields2.js → 200 (?ms, 10279B)
[2026-06-20T07:11:33.462Z] GET http://localhost:8236/src/roguelike/atlas-creatures.js → 200 (?ms, 8512B)
[2026-06-20T07:11:33.462Z] GET http://localhost:8236/src/roguelike/atlas-relics.js → 200 (?ms, 4544B)
[2026-06-20T07:11:33.462Z] GET http://localhost:8236/src/roguelike/atlas-portals.js → 200 (?ms, 4271B)
[2026-06-20T07:11:33.462Z] GET http://localhost:8236/src/roguelike/atlas-onlyup.js → 200 (?ms, 3438B)
[2026-06-20T07:11:33.462Z] GET http://localhost:8236/src/roguelike/atlas-climb.js → 200 (?ms, 7240B)
[2026-06-20T07:11:33.462Z] GET http://localhost:8236/src/roguelike/atlas-blocks.js → 200 (?ms, 12012B)
[2026-06-20T07:11:33.462Z] GET http://localhost:8236/src/roguelike/atlas-objects.js → 200 (?ms, 6272B)
[2026-06-20T07:11:33.463Z] GET http://localhost:8236/src/roguelike/atlas-setpieces.js → 200 (?ms, 7016B)
[2026-06-20T07:11:33.463Z] GET http://localhost:8236/src/main.js → 200 (?ms, 9711B)
[2026-06-20T07:11:33.463Z] GET http://localhost:8236/assets/lunar_lander.png → 200 (?ms, 1570368B)
[2026-06-20T07:11:33.463Z] GET http://localhost:8236/assets/plants/cactus_1.png → 200 (?ms, 79050B)
[2026-06-20T07:11:33.463Z] GET http://localhost:8236/assets/plants/cactus_2.png → 200 (?ms, 73306B)
[2026-06-20T07:11:33.463Z] GET http://localhost:8236/assets/plants/agave_small.png → 200 (?ms, 112228B)
[2026-06-20T07:11:33.463Z] GET http://localhost:8236/assets/plants/barrel_cactus_flowering.png → 200 (?ms, 136999B)
[2026-06-20T07:11:33.463Z] GET http://localhost:8236/assets/plants/prickly_pear_cactus.png → 200 (?ms, 176683B)
[2026-06-20T07:11:33.463Z] GET http://localhost:8236/assets/plants/desert_scrub_brush.png → 200 (?ms, 168722B)
[2026-06-20T07:11:33.463Z] GET http://localhost:8236/assets/plants/alien_eye_plant_small.png → 200 (?ms, 89120B)
[2026-06-20T07:11:33.463Z] GET http://localhost:8236/assets/plants/purple_alien_eye_plant.png → 200 (?ms, 188586B)
[2026-06-20T07:11:36.461Z] GET http://localhost:8236/run.html?course=p9 → 200 (1ms, 9363B)
[2026-06-20T07:11:36.467Z] GET http://localhost:8236/assets/fonts/DepartureMono-Regular.woff2 → 200 (?ms, ?B)
[2026-06-20T07:11:36.467Z] GET http://localhost:8236/src/shared.js → 200 (?ms, 10157B)
[2026-06-20T07:11:36.467Z] GET http://localhost:8236/src/worlds/run.js → 200 (1ms, 7990B)
[2026-06-20T07:11:36.468Z] GET http://localhost:8236/src/planet-gen.js → 200 (?ms, 4046B)
[2026-06-20T07:11:36.468Z] GET http://localhost:8236/src/level-design.js → 200 (?ms, 55884B)
[2026-06-20T07:11:36.468Z] GET http://localhost:8236/src/moon-terrain.js → 200 (?ms, 7939B)
[2026-06-20T07:11:36.468Z] GET http://localhost:8236/src/weird-terrain.js → 200 (?ms, 19400B)
[2026-06-20T07:11:36.468Z] GET http://localhost:8236/src/modes/desert-golfing.js → 200 (?ms, 38773B)
[2026-06-20T07:11:36.468Z] GET http://localhost:8236/src/art.js → 200 (?ms, 9472B)
[2026-06-20T07:11:36.468Z] GET http://localhost:8236/src/gameplay.js → 200 (?ms, 11767B)
[2026-06-20T07:11:36.470Z] GET http://localhost:8236/src/roguelike/save.js → 200 (?ms, 8310B)
[2026-06-20T07:11:36.470Z] GET http://localhost:8236/src/roguelike/modifiers.js → 200 (?ms, 3846B)
[2026-06-20T07:11:36.470Z] GET http://localhost:8236/src/roguelike/run.js → 200 (?ms, 145016B)
[2026-06-20T07:11:36.470Z] GET http://localhost:8236/src/roguelike/secrets.js → 200 (?ms, 15517B)
[2026-06-20T07:11:36.470Z] GET http://localhost:8236/src/roguelike/economy.js → 200 (?ms, 27713B)
[2026-06-20T07:11:36.470Z] GET http://localhost:8236/src/roguelike/ship.js → 200 (?ms, 9111B)
[2026-06-20T07:11:36.470Z] GET http://localhost:8236/src/roguelike/shop.js → 200 (?ms, 5435B)
[2026-06-20T07:11:36.470Z] GET http://localhost:8236/src/roguelike/wrap.js → 200 (?ms, 39053B)
[2026-06-20T07:11:36.470Z] GET http://localhost:8236/src/roguelike/audio.js → 200 (?ms, 13548B)
[2026-06-20T07:11:36.470Z] GET http://localhost:8236/src/roguelike/fx.js → 200 (?ms, 12243B)
[2026-06-20T07:11:36.470Z] GET http://localhost:8236/src/roguelike/juice.js → 200 (?ms, 15097B)
[2026-06-20T07:11:36.470Z] GET http://localhost:8236/src/roguelike/ambient.js → 200 (?ms, 22294B)
[2026-06-20T07:11:36.470Z] GET http://localhost:8236/src/roguelike/onboard.js → 200 (?ms, 22150B)
[2026-06-20T07:11:36.470Z] GET http://localhost:8236/src/roguelike/travel.js → 200 (?ms, 16267B)
[2026-06-20T07:11:36.470Z] GET http://localhost:8236/src/roguelike/event.js → 200 (?ms, 21531B)
[2026-06-20T07:11:36.470Z] GET http://localhost:8236/src/roguelike/terrain.js → 200 (?ms, 9525B)
[2026-06-20T07:11:36.470Z] GET http://localhost:8236/src/roguelike/lab.js → 200 (?ms, 13017B)
[2026-06-20T07:11:36.470Z] GET http://localhost:8236/src/roguelike/feel.js → 200 (?ms, 7035B)
[2026-06-20T07:11:36.470Z] GET http://localhost:8236/src/roguelike/playtest-bot.js → 200 (?ms, 11343B)
[2026-06-20T07:11:36.470Z] GET http://localhost:8236/src/roguelike/perf-hud.js → 200 (?ms, 4589B)
[2026-06-20T07:11:36.470Z] GET http://localhost:8236/src/roguelike/seqtest.js → 200 (?ms, 3979B)
[2026-06-20T07:11:36.470Z] GET http://localhost:8236/src/roguelike/testjump.js → 200 (?ms, 10254B)
[2026-06-20T07:11:36.470Z] GET http://localhost:8236/src/roguelike/galaxy.js → 200 (?ms, 14134B)
[2026-06-20T07:11:36.471Z] GET http://localhost:8236/src/roguelike/atlas-homesystem.js → 200 (?ms, 6841B)
[2026-06-20T07:11:36.471Z] GET http://localhost:8236/src/roguelike/atlas-fields.js → 200 (?ms, 6953B)
[2026-06-20T07:11:36.471Z] GET http://localhost:8236/src/roguelike/atlas-fields2.js → 200 (?ms, 10279B)
[2026-06-20T07:11:36.471Z] GET http://localhost:8236/src/roguelike/atlas-creatures.js → 200 (1ms, 8512B)
[2026-06-20T07:11:36.472Z] GET http://localhost:8236/src/roguelike/atlas-relics.js → 200 (?ms, 4544B)
[2026-06-20T07:11:36.472Z] GET http://localhost:8236/src/roguelike/atlas-portals.js → 200 (?ms, 4271B)
[2026-06-20T07:11:36.472Z] GET http://localhost:8236/src/roguelike/atlas-onlyup.js → 200 (?ms, 3438B)
[2026-06-20T07:11:36.472Z] GET http://localhost:8236/src/roguelike/atlas-climb.js → 200 (?ms, 7240B)
[2026-06-20T07:11:36.472Z] GET http://localhost:8236/src/roguelike/atlas-blocks.js → 200 (?ms, 12012B)
[2026-06-20T07:11:36.472Z] GET http://localhost:8236/src/roguelike/atlas-objects.js → 200 (?ms, 6272B)
[2026-06-20T07:11:36.472Z] GET http://localhost:8236/src/roguelike/atlas-setpieces.js → 200 (?ms, 7016B)
[2026-06-20T07:11:36.472Z] GET http://localhost:8236/src/main.js → 200 (?ms, 9711B)
[2026-06-20T07:11:36.474Z] GET http://localhost:8236/assets/lunar_lander.png → 200 (?ms, 1570368B)
[2026-06-20T07:11:36.474Z] GET http://localhost:8236/assets/plants/cactus_1.png → 200 (?ms, 79050B)
[2026-06-20T07:11:36.474Z] GET http://localhost:8236/assets/plants/cactus_2.png → 200 (?ms, 73306B)
[2026-06-20T07:11:36.474Z] GET http://localhost:8236/assets/plants/agave_small.png → 200 (?ms, 112228B)
[2026-06-20T07:11:36.475Z] GET http://localhost:8236/assets/plants/barrel_cactus_flowering.png → 200 (?ms, 136999B)
[2026-06-20T07:11:36.475Z] GET http://localhost:8236/assets/plants/prickly_pear_cactus.png → 200 (?ms, 176683B)
[2026-06-20T07:11:36.475Z] GET http://localhost:8236/assets/plants/desert_scrub_brush.png → 200 (?ms, 168722B)
[2026-06-20T07:11:36.475Z] GET http://localhost:8236/assets/plants/alien_eye_plant_small.png → 200 (?ms, 89120B)
[2026-06-20T07:11:36.475Z] GET http://localhost:8236/assets/plants/purple_alien_eye_plant.png → 200 (?ms, 188586B)
