[2026-06-22T00:19:33.516Z] [warning] Canvas2D: Multiple readback operations using getImageData are faster with the willReadFrequently attribute set to true. See: https://html.spec.whatwg.org/multipage/canvas.html#concept-canvas-will-read-frequently
[2026-06-22T00:19:33.749Z] [log] [dbg] f12 terrain REGEN  verts 135→88
[2026-06-22T00:19:39.760Z] [log] [dbg] f364 FRAME DROP 176ms
[2026-06-22T00:19:39.760Z] [log] [dbg] f364 state 0→1  (hole 4)
[2026-06-22T00:19:39.760Z] [log] [dbg] f364 HOLE 1→4  [downhill]
[2026-06-22T00:19:39.760Z] [log] [dbg] f364 terrain REGEN  verts 88→76
[2026-06-22T00:19:40.047Z] [log] [dbg] f368 FRAME DROP 264ms
[2026-06-22T00:19:40.047Z] [log] [dbg] f368 HOLE 4→6  [punchbowl]
[2026-06-22T00:19:40.047Z] [log] [dbg] f368 terrain REGEN  verts 76→68
[2026-06-22T00:19:40.240Z] [log] [dbg] f372 FRAME DROP 174ms
[2026-06-22T00:19:40.240Z] [log] [dbg] f372 state 1→2  (hole 8)
[2026-06-22T00:19:40.240Z] [log] [dbg] f372 HOLE 6→8  [punchbowl]
[2026-06-22T00:19:40.240Z] [log] [dbg] f372 terrain REGEN  verts 68→60
[2026-06-22T00:19:40.425Z] [log] [dbg] f376 FRAME DROP 158ms
[2026-06-22T00:19:40.425Z] [log] [dbg] f376 state 2→0  (hole 10)
[2026-06-22T00:19:40.425Z] [log] [dbg] f376 HOLE 8→10  [?]
[2026-06-22T00:19:40.425Z] [log] [dbg] f376 terrain REGEN  verts 60→52
[2026-06-22T00:19:40.597Z] [log] [dbg] f380 FRAME DROP 147ms
[2026-06-22T00:21:34.707Z] [warning] Canvas2D: Multiple readback operations using getImageData are faster with the willReadFrequently attribute set to true. See: https://html.spec.whatwg.org/multipage/canvas.html#concept-canvas-will-read-frequently
[2026-06-22T00:21:35.318Z] [log] [dbg] f10 terrain REGEN  verts 131→111
[2026-06-22T00:21:41.236Z] [log] [dbg] f337 FRAME DROP 507ms
[2026-06-22T00:21:41.236Z] [log] [dbg] f337 state 0→1  (hole 2)
[2026-06-22T00:21:41.236Z] [log] [dbg] f337 HOLE 1→2  [cenote]
[2026-06-22T00:21:41.236Z] [log] [dbg] f337 terrain REGEN  verts 111→107
[2026-06-22T00:21:41.696Z] [log] [dbg] f341 FRAME DROP 435ms
[2026-06-22T00:21:42.314Z] [log] [dbg] f345 FRAME DROP 586ms
[2026-06-22T00:21:42.314Z] [log] [dbg] f345 HOLE 2→4  [ruins]
[2026-06-22T00:21:42.314Z] [log] [dbg] f345 terrain REGEN  verts 107→99
[2026-06-22T00:21:42.773Z] [log] [dbg] f349 FRAME DROP 428ms
[2026-06-22T00:21:42.773Z] [log] [dbg] f349 HOLE 4→5  [canyon]
[2026-06-22T00:21:42.773Z] [log] [dbg] f349 terrain REGEN  verts 99→95
[2026-06-22T00:21:43.223Z] [log] [dbg] f353 FRAME DROP 428ms
